INFO 2024-03-20 18:18:51,705 basehttp 124 "GET / HTTP/1.1" 200 1716
WARNING 2024-03-20 18:18:51,814 base 152 Not Found: /favicon.ico
WARNING 2024-03-20 18:18:51,814 basehttp 124 "GET /favicon.ico HTTP/1.1" 404 1968
INFO 2024-03-20 18:23:11,702 basehttp 124 "GET / HTTP/1.1" 200 1716
INFO 2024-03-20 18:23:12,310 basehttp 124 "GET / HTTP/1.1" 200 1716
INFO 2024-03-20 18:23:18,817 basehttp 124 "GET / HTTP/1.1" 200 1716
WARNING 2024-03-20 18:23:34,505 basehttp 124 "GET /static/logo.png HTTP/1.1" 404 1637
INFO 2024-03-20 18:24:04,832 basehttp 124 "GET /static/images/logo.png HTTP/1.1" 200 7696
WARNING 2024-03-20 18:59:32,226 base 152 Not Found: /
WARNING 2024-03-20 18:59:32,235 basehttp 124 "GET / HTTP/1.1" 404 2093
WARNING 2024-03-20 18:59:32,631 base 152 Not Found: /favicon.ico
WARNING 2024-03-20 18:59:32,631 basehttp 124 "GET /favicon.ico HTTP/1.1" 404 2144
INFO 2024-03-20 18:59:32,907 basehttp 124 "GET /static/images/logo.png HTTP/1.1" 200 7696
WARNING 2024-03-20 18:59:37,866 base 152 Not Found: /
WARNING 2024-03-20 18:59:37,867 basehttp 124 "GET / HTTP/1.1" 404 2093
INFO 2024-03-20 18:59:43,595 basehttp 124 "GET /register HTTP/1.1" 301 0
ERROR 2024-03-20 18:59:43,603 exception 135 Internal Server Error: /register/
Traceback (most recent call last):
  File "/home/wyt/CSCI3100/pythonProject/Modern_Gent_Trendsetter/venv/lib/python3.6/site-packages/django/template/utils.py", line 65, in __getitem__
    return self._engines[alias]
KeyError: 'jinja2'

During handling of the above exception, another exception occurred:

Traceback (most recent call last):
  File "/home/wyt/CSCI3100/pythonProject/Modern_Gent_Trendsetter/venv/lib/python3.6/site-packages/django/core/handlers/exception.py", line 41, in inner
    response = get_response(request)
  File "/home/wyt/CSCI3100/pythonProject/Modern_Gent_Trendsetter/venv/lib/python3.6/site-packages/django/core/handlers/base.py", line 187, in _get_response
    response = self.process_exception_by_middleware(e, request)
  File "/home/wyt/CSCI3100/pythonProject/Modern_Gent_Trendsetter/venv/lib/python3.6/site-packages/django/core/handlers/base.py", line 185, in _get_response
    response = wrapped_callback(request, *callback_args, **callback_kwargs)
  File "/home/wyt/CSCI3100/pythonProject/Modern_Gent_Trendsetter/venv/lib/python3.6/site-packages/django/views/generic/base.py", line 68, in view
    return self.dispatch(request, *args, **kwargs)
  File "/home/wyt/CSCI3100/pythonProject/Modern_Gent_Trendsetter/venv/lib/python3.6/site-packages/django/views/generic/base.py", line 88, in dispatch
    return handler(request, *args, **kwargs)
  File "/home/wyt/CSCI3100/pythonProject/Modern_Gent_Trendsetter/shoppingmall/shoppingmall/apps/users/views.py", line 11, in get
    return render(request, 'register.html')
  File "/home/wyt/CSCI3100/pythonProject/Modern_Gent_Trendsetter/venv/lib/python3.6/site-packages/django/shortcuts.py", line 30, in render
    content = loader.render_to_string(template_name, context, request, using=using)
  File "/home/wyt/CSCI3100/pythonProject/Modern_Gent_Trendsetter/venv/lib/python3.6/site-packages/django/template/loader.py", line 67, in render_to_string
    template = get_template(template_name, using=using)
  File "/home/wyt/CSCI3100/pythonProject/Modern_Gent_Trendsetter/venv/lib/python3.6/site-packages/django/template/loader.py", line 18, in get_template
    engines = _engine_list(using)
  File "/home/wyt/CSCI3100/pythonProject/Modern_Gent_Trendsetter/venv/lib/python3.6/site-packages/django/template/loader.py", line 72, in _engine_list
    return engines.all() if using is None else [engines[using]]
  File "/home/wyt/CSCI3100/pythonProject/Modern_Gent_Trendsetter/venv/lib/python3.6/site-packages/django/template/utils.py", line 89, in all
    return [self[alias] for alias in self]
  File "/home/wyt/CSCI3100/pythonProject/Modern_Gent_Trendsetter/venv/lib/python3.6/site-packages/django/template/utils.py", line 89, in <listcomp>
    return [self[alias] for alias in self]
  File "/home/wyt/CSCI3100/pythonProject/Modern_Gent_Trendsetter/venv/lib/python3.6/site-packages/django/template/utils.py", line 80, in __getitem__
    engine = engine_cls(params)
  File "/home/wyt/CSCI3100/pythonProject/Modern_Gent_Trendsetter/venv/lib/python3.6/site-packages/django/template/backends/jinja2.py", line 29, in __init__
    environment_cls = import_string(environment)
  File "/home/wyt/CSCI3100/pythonProject/Modern_Gent_Trendsetter/venv/lib/python3.6/site-packages/django/utils/module_loading.py", line 20, in import_string
    module = import_module(module_path)
  File "/usr/local/bin/python3.6/lib/python3.6/importlib/__init__.py", line 126, in import_module
    return _bootstrap._gcd_import(name[level:], package, level)
  File "<frozen importlib._bootstrap>", line 994, in _gcd_import
  File "<frozen importlib._bootstrap>", line 971, in _find_and_load
  File "<frozen importlib._bootstrap>", line 941, in _find_and_load_unlocked
  File "<frozen importlib._bootstrap>", line 219, in _call_with_frames_removed
  File "<frozen importlib._bootstrap>", line 994, in _gcd_import
  File "<frozen importlib._bootstrap>", line 971, in _find_and_load
  File "<frozen importlib._bootstrap>", line 941, in _find_and_load_unlocked
  File "<frozen importlib._bootstrap>", line 219, in _call_with_frames_removed
  File "<frozen importlib._bootstrap>", line 994, in _gcd_import
  File "<frozen importlib._bootstrap>", line 971, in _find_and_load
  File "<frozen importlib._bootstrap>", line 953, in _find_and_load_unlocked
ModuleNotFoundError: No module named 'shoppingmall.shoppingmall'
ERROR 2024-03-20 18:59:43,642 basehttp 124 "GET /register/ HTTP/1.1" 500 128075
INFO 2024-03-20 19:00:24,757 basehttp 124 "GET /register/ HTTP/1.1" 200 4603
WARNING 2024-03-20 19:00:24,783 base 152 Not Found: /woniu_mall/staticmall/static/css/reset.css
WARNING 2024-03-20 19:00:24,784 basehttp 124 "GET /woniu_mall/staticmall/static/css/reset.css HTTP/1.1" 404 2237
INFO 2024-03-20 19:00:24,786 basehttp 124 "GET /static/css/main.css HTTP/1.1" 200 39722
INFO 2024-03-20 19:00:24,790 basehttp 124 "GET /static/js/vue-2.5.16.js HTTP/1.1" 200 289307
INFO 2024-03-20 19:00:24,793 basehttp 124 "GET /static/js/host.js HTTP/1.1" 200 80
INFO 2024-03-20 19:00:24,796 basehttp 124 "GET /static/js/axios-0.18.0.min.js HTTP/1.1" 200 12941
INFO 2024-03-20 19:00:24,800 basehttp 124 "GET /static/js/register.js HTTP/1.1" 200 9786
INFO 2024-03-20 19:00:24,799 basehttp 124 "GET /static/images/logo.png HTTP/1.1" 200 7696
WARNING 2024-03-20 19:00:24,843 base 152 Not Found: /image_codes/31d72bc0-3dfc-48e1-9342-cab19e2041fa/
WARNING 2024-03-20 19:00:24,843 basehttp 124 "GET /image_codes/31d72bc0-3dfc-48e1-9342-cab19e2041fa/ HTTP/1.1" 404 2258
INFO 2024-03-20 19:00:24,847 basehttp 124 "GET /static/images/interval_line.png HTTP/1.1" 200 1123
INFO 2024-03-20 19:00:24,850 basehttp 124 "GET /static/images/register_banner.png HTTP/1.1" 200 54894
INFO 2024-03-20 19:00:24,851 basehttp 124 "GET /static/images/icons02.png HTTP/1.1" 200 3935
INFO 2024-03-20 19:02:33,311 basehttp 124 "GET /register/ HTTP/1.1" 200 4628
WARNING 2024-03-20 19:02:33,335 base 152 Not Found: /woniu_mall/staticmall/static/css/reset.css
WARNING 2024-03-20 19:02:33,335 basehttp 124 "GET /woniu_mall/staticmall/static/css/reset.css HTTP/1.1" 404 2237
WARNING 2024-03-20 19:02:33,382 base 152 Not Found: /image_codes/32770f38-9463-46fc-864a-76d19a2dd643/
WARNING 2024-03-20 19:02:33,382 basehttp 124 "GET /image_codes/32770f38-9463-46fc-864a-76d19a2dd643/ HTTP/1.1" 404 2258
WARNING 2024-03-20 19:03:53,960 base 152 Not Found: /login/
WARNING 2024-03-20 19:03:53,960 basehttp 124 "GET /login/ HTTP/1.1" 404 2129
INFO 2024-03-20 19:08:39,151 basehttp 124 "GET /register/ HTTP/1.1" 200 4630
WARNING 2024-03-20 19:08:39,184 base 152 Not Found: /shoppingmall/staticmall/static/css/reset.css
WARNING 2024-03-20 19:08:39,186 basehttp 124 "GET /shoppingmall/staticmall/static/css/reset.css HTTP/1.1" 404 2243
INFO 2024-03-20 19:08:39,187 basehttp 124 "GET /static/css/main.css HTTP/1.1" 304 0
INFO 2024-03-20 19:08:39,191 basehttp 124 "GET /static/js/host.js HTTP/1.1" 304 0
INFO 2024-03-20 19:08:39,193 basehttp 124 "GET /static/js/axios-0.18.0.min.js HTTP/1.1" 304 0
INFO 2024-03-20 19:08:39,194 basehttp 124 "GET /static/js/vue-2.5.16.js HTTP/1.1" 304 0
INFO 2024-03-20 19:08:39,195 basehttp 124 "GET /static/js/register.js HTTP/1.1" 304 0
INFO 2024-03-20 19:08:39,232 basehttp 124 "GET /static/images/logo.png HTTP/1.1" 304 0
WARNING 2024-03-20 19:08:39,261 base 152 Not Found: /image_codes/ce07a961-c6e9-4958-a97a-8d7955e6f50b/
WARNING 2024-03-20 19:08:39,261 basehttp 124 "GET /image_codes/ce07a961-c6e9-4958-a97a-8d7955e6f50b/ HTTP/1.1" 404 2258
INFO 2024-03-20 19:08:39,263 basehttp 124 "GET /static/images/interval_line.png HTTP/1.1" 304 0
INFO 2024-03-20 19:08:39,267 basehttp 124 "GET /static/images/register_banner.png HTTP/1.1" 304 0
INFO 2024-03-20 19:08:39,269 basehttp 124 "GET /static/images/icons02.png HTTP/1.1" 304 0
INFO 2024-03-20 19:09:51,385 basehttp 124 "GET /register/ HTTP/1.1" 200 4606
INFO 2024-03-20 19:09:51,401 basehttp 124 "GET /static/css/reset.css HTTP/1.1" 200 638
WARNING 2024-03-20 19:09:51,450 base 152 Not Found: /image_codes/902a9707-6b2f-4703-85ac-3596bf039909/
WARNING 2024-03-20 19:09:51,451 basehttp 124 "GET /image_codes/902a9707-6b2f-4703-85ac-3596bf039909/ HTTP/1.1" 404 2258
INFO 2024-03-20 19:09:52,545 basehttp 124 "GET /register/ HTTP/1.1" 200 4606
WARNING 2024-03-20 19:09:52,606 base 152 Not Found: /image_codes/c169bb3a-afce-4941-9b85-921a40bf77bc/
WARNING 2024-03-20 19:09:52,606 basehttp 124 "GET /image_codes/c169bb3a-afce-4941-9b85-921a40bf77bc/ HTTP/1.1" 404 2258
INFO 2024-03-20 19:11:50,485 basehttp 124 "GET /register/ HTTP/1.1" 200 4606
WARNING 2024-03-20 19:11:50,539 base 152 Not Found: /image_codes/41f6e2e0-2317-46c1-a5dc-c0708df22c5e/
WARNING 2024-03-20 19:11:50,539 basehttp 124 "GET /image_codes/41f6e2e0-2317-46c1-a5dc-c0708df22c5e/ HTTP/1.1" 404 2258
INFO 2024-03-20 19:12:50,747 basehttp 124 "GET /register/ HTTP/1.1" 200 4622
WARNING 2024-03-20 19:12:50,808 base 152 Not Found: /image_codes/cfbbc1e6-7c5c-4b48-81cb-79e6775e7091/
WARNING 2024-03-20 19:12:50,808 basehttp 124 "GET /image_codes/cfbbc1e6-7c5c-4b48-81cb-79e6775e7091/ HTTP/1.1" 404 2258
INFO 2024-03-20 19:13:16,299 basehttp 124 "GET /register/ HTTP/1.1" 200 4620
WARNING 2024-03-20 19:13:16,355 base 152 Not Found: /image_codes/2d784f93-df0b-4bec-8727-15ba39ce6850/
WARNING 2024-03-20 19:13:16,355 basehttp 124 "GET /image_codes/2d784f93-df0b-4bec-8727-15ba39ce6850/ HTTP/1.1" 404 2258
INFO 2024-03-20 19:14:13,884 basehttp 124 "GET /register/ HTTP/1.1" 200 4634
WARNING 2024-03-20 19:14:13,949 base 152 Not Found: /image_codes/06c9585e-c187-4052-a628-c624a228a76a/
WARNING 2024-03-20 19:14:13,950 basehttp 124 "GET /image_codes/06c9585e-c187-4052-a628-c624a228a76a/ HTTP/1.1" 404 2258
INFO 2024-03-20 19:15:08,487 basehttp 124 "GET /register/ HTTP/1.1" 200 4631
INFO 2024-03-20 19:15:08,503 basehttp 124 "GET /static/css/main.css HTTP/1.1" 304 0
INFO 2024-03-20 19:15:08,503 basehttp 124 "GET /static/js/host.js HTTP/1.1" 304 0
INFO 2024-03-20 19:15:08,504 basehttp 124 "GET /static/js/vue-2.5.16.js HTTP/1.1" 304 0
INFO 2024-03-20 19:15:08,505 basehttp 124 "GET /static/js/axios-0.18.0.min.js HTTP/1.1" 304 0
INFO 2024-03-20 19:15:08,505 basehttp 124 "GET /static/js/register.js HTTP/1.1" 304 0
INFO 2024-03-20 19:15:08,530 basehttp 124 "GET /static/images/logo.png HTTP/1.1" 304 0
WARNING 2024-03-20 19:15:08,553 base 152 Not Found: /image_codes/0ea903b9-a4c4-4b03-b8b4-b56351c06280/
WARNING 2024-03-20 19:15:08,555 basehttp 124 "GET /image_codes/0ea903b9-a4c4-4b03-b8b4-b56351c06280/ HTTP/1.1" 404 2258
INFO 2024-03-20 19:15:08,556 basehttp 124 "GET /static/images/interval_line.png HTTP/1.1" 304 0
INFO 2024-03-20 19:15:08,557 basehttp 124 "GET /static/images/register_banner.png HTTP/1.1" 304 0
INFO 2024-03-20 19:15:08,562 basehttp 124 "GET /static/images/icons02.png HTTP/1.1" 304 0
INFO 2024-03-20 19:15:09,589 basehttp 124 "GET /register/ HTTP/1.1" 200 4631
WARNING 2024-03-20 19:15:09,648 base 152 Not Found: /image_codes/c250a71f-ca69-4bfc-851c-09e411a2df58/
WARNING 2024-03-20 19:15:09,649 basehttp 124 "GET /image_codes/c250a71f-ca69-4bfc-851c-09e411a2df58/ HTTP/1.1" 404 2258
INFO 2024-03-20 19:17:49,765 basehttp 124 "GET /register/ HTTP/1.1" 200 4618
INFO 2024-03-20 19:17:49,788 basehttp 124 "GET /static/css/reset.css HTTP/1.1" 304 0
WARNING 2024-03-20 19:17:49,830 base 152 Not Found: /image_codes/dc8bdfce-83e3-4a2c-9d8b-52620652bcc6/
WARNING 2024-03-20 19:17:49,830 basehttp 124 "GET /image_codes/dc8bdfce-83e3-4a2c-9d8b-52620652bcc6/ HTTP/1.1" 404 2258
WARNING 2024-03-20 19:17:52,145 base 152 Not Found: /register/l
WARNING 2024-03-20 19:17:52,145 basehttp 124 "GET /register/l HTTP/1.1" 404 2141
WARNING 2024-03-20 19:18:00,662 base 152 Not Found: /register/l
WARNING 2024-03-20 19:18:00,662 basehttp 124 "GET /register/l HTTP/1.1" 404 2141
INFO 2024-03-20 19:18:32,094 basehttp 124 "GET /register/ HTTP/1.1" 200 4609
WARNING 2024-03-20 19:18:32,165 base 152 Not Found: /image_codes/d53ddcf0-9864-4e42-a3a7-8c725355fc8f/
WARNING 2024-03-20 19:18:32,166 basehttp 124 "GET /image_codes/d53ddcf0-9864-4e42-a3a7-8c725355fc8f/ HTTP/1.1" 404 2258
INFO 2024-03-20 19:20:44,288 basehttp 124 "GET /register/ HTTP/1.1" 200 4609
WARNING 2024-03-20 19:20:44,343 base 152 Not Found: /image_codes/1b3e2a59-9be5-4de3-bc6f-cc2e7ff81572/
WARNING 2024-03-20 19:20:44,343 basehttp 124 "GET /image_codes/1b3e2a59-9be5-4de3-bc6f-cc2e7ff81572/ HTTP/1.1" 404 2258
INFO 2024-03-20 19:21:03,853 basehttp 124 "GET /register/ HTTP/1.1" 200 4596
WARNING 2024-03-20 19:21:03,910 base 152 Not Found: /image_codes/f5cf88e5-a19b-4921-8c41-980a2b49ebdf/
WARNING 2024-03-20 19:21:03,910 basehttp 124 "GET /image_codes/f5cf88e5-a19b-4921-8c41-980a2b49ebdf/ HTTP/1.1" 404 2258
INFO 2024-03-20 19:26:32,281 basehttp 124 "GET /register/ HTTP/1.1" 200 4596
INFO 2024-03-20 19:26:32,302 basehttp 124 "GET /static/css/reset.css HTTP/1.1" 304 0
INFO 2024-03-20 19:26:32,303 basehttp 124 "GET /static/css/main.css HTTP/1.1" 304 0
INFO 2024-03-20 19:26:32,304 basehttp 124 "GET /static/js/host.js HTTP/1.1" 304 0
INFO 2024-03-20 19:26:32,305 basehttp 124 "GET /static/js/vue-2.5.16.js HTTP/1.1" 304 0
INFO 2024-03-20 19:26:32,310 basehttp 124 "GET /static/js/axios-0.18.0.min.js HTTP/1.1" 304 0
INFO 2024-03-20 19:26:32,311 basehttp 124 "GET /static/js/register.js HTTP/1.1" 304 0
INFO 2024-03-20 19:26:32,330 basehttp 124 "GET /static/images/logo.png HTTP/1.1" 304 0
WARNING 2024-03-20 19:26:32,351 base 152 Not Found: /image_codes/af0432bb-a4ae-4b89-9999-930bd55f2f30/
WARNING 2024-03-20 19:26:32,351 basehttp 124 "GET /image_codes/af0432bb-a4ae-4b89-9999-930bd55f2f30/ HTTP/1.1" 404 2258
INFO 2024-03-20 19:26:32,355 basehttp 124 "GET /static/images/interval_line.png HTTP/1.1" 304 0
INFO 2024-03-20 19:26:32,358 basehttp 124 "GET /static/images/register_banner.png HTTP/1.1" 304 0
INFO 2024-03-20 19:26:32,362 basehttp 124 "GET /static/images/icons02.png HTTP/1.1" 304 0
WARNING 2024-03-20 19:26:42,268 base 152 Not Found: /usernames/wdaWDq/count/
WARNING 2024-03-20 19:26:42,269 basehttp 124 "GET /usernames/wdaWDq/count/ HTTP/1.1" 404 2180
WARNING 2024-03-20 19:27:15,590 base 152 Not Found: /mobiles/13699109260/count/
WARNING 2024-03-20 19:27:15,590 basehttp 124 "GET /mobiles/13699109260/count/ HTTP/1.1" 404 2189
INFO 2024-03-27 16:13:15,782 basehttp 124 "GET /register/ HTTP/1.1" 200 4596
INFO 2024-03-27 16:13:16,006 basehttp 124 "GET /static/css/reset.css HTTP/1.1" 200 638
INFO 2024-03-27 16:13:16,008 basehttp 124 "GET /static/css/main.css HTTP/1.1" 200 39722
INFO 2024-03-27 16:13:16,009 basehttp 124 "GET /static/js/host.js HTTP/1.1" 200 80
INFO 2024-03-27 16:13:16,010 basehttp 124 "GET /static/js/vue-2.5.16.js HTTP/1.1" 304 0
INFO 2024-03-27 16:13:16,012 basehttp 124 "GET /static/js/axios-0.18.0.min.js HTTP/1.1" 304 0
INFO 2024-03-27 16:13:16,016 basehttp 124 "GET /static/js/register.js HTTP/1.1" 304 0
INFO 2024-03-27 16:13:16,020 basehttp 124 "GET /static/images/logo.png HTTP/1.1" 200 7696
WARNING 2024-03-27 16:13:16,175 base 152 Not Found: /image_codes/425eabe6-2950-4e4c-bd59-d2f82e3706e5/
WARNING 2024-03-27 16:13:16,175 basehttp 124 "GET /image_codes/425eabe6-2950-4e4c-bd59-d2f82e3706e5/ HTTP/1.1" 404 2258
INFO 2024-03-27 16:13:16,226 basehttp 124 "GET /static/images/interval_line.png HTTP/1.1" 200 1123
INFO 2024-03-27 16:13:16,228 basehttp 124 "GET /static/images/icons02.png HTTP/1.1" 200 3935
INFO 2024-03-27 16:13:16,229 basehttp 124 "GET /static/images/register_banner.png HTTP/1.1" 200 54894
WARNING 2024-03-27 16:13:16,310 base 152 Not Found: /favicon.ico
WARNING 2024-03-27 16:13:16,310 basehttp 124 "GET /favicon.ico HTTP/1.1" 404 2144
INFO 2024-03-27 16:14:22,517 basehttp 124 "GET /register/ HTTP/1.1" 200 4584
WARNING 2024-03-27 16:14:22,666 base 152 Not Found: /image_codes/58b7ac84-70fb-4676-aae8-434ec0c31f87/
WARNING 2024-03-27 16:14:22,667 basehttp 124 "GET /image_codes/58b7ac84-70fb-4676-aae8-434ec0c31f87/ HTTP/1.1" 404 2258
WARNING 2024-03-27 16:14:22,762 base 152 Not Found: /favicon.ico
WARNING 2024-03-27 16:14:22,763 basehttp 124 "GET /favicon.ico HTTP/1.1" 404 2144
INFO 2024-03-27 16:15:07,015 basehttp 124 "GET /register/ HTTP/1.1" 200 4595
WARNING 2024-03-27 16:15:07,160 base 152 Not Found: /image_codes/a34ae749-1237-4ce3-9eee-5d75d109b3a2/
WARNING 2024-03-27 16:15:07,161 basehttp 124 "GET /image_codes/a34ae749-1237-4ce3-9eee-5d75d109b3a2/ HTTP/1.1" 404 2258
WARNING 2024-03-27 16:15:07,175 base 152 Not Found: /favicon.ico
WARNING 2024-03-27 16:15:07,175 basehttp 124 "GET /favicon.ico HTTP/1.1" 404 2144
INFO 2024-03-27 16:16:22,718 basehttp 124 "GET /register/ HTTP/1.1" 200 4575
WARNING 2024-03-27 16:16:22,909 base 152 Not Found: /image_codes/452ce4ff-467a-47a4-9b90-fb9d11aa118e/
WARNING 2024-03-27 16:16:22,910 basehttp 124 "GET /image_codes/452ce4ff-467a-47a4-9b90-fb9d11aa118e/ HTTP/1.1" 404 2258
WARNING 2024-03-27 16:16:22,937 base 152 Not Found: /favicon.ico
WARNING 2024-03-27 16:16:22,938 basehttp 124 "GET /favicon.ico HTTP/1.1" 404 2144
INFO 2024-03-27 16:17:20,818 basehttp 124 "GET /register/ HTTP/1.1" 200 4455
WARNING 2024-03-27 16:17:21,085 base 152 Not Found: /image_codes/c32865b2-1014-447f-910b-6a2d5af739a4/
WARNING 2024-03-27 16:17:21,085 basehttp 124 "GET /image_codes/c32865b2-1014-447f-910b-6a2d5af739a4/ HTTP/1.1" 404 2258
WARNING 2024-03-27 16:17:21,115 base 152 Not Found: /favicon.ico
WARNING 2024-03-27 16:17:21,116 basehttp 124 "GET /favicon.ico HTTP/1.1" 404 2144
WARNING 2024-03-27 17:16:15,054 base 152 Not Found: /
WARNING 2024-03-27 17:16:15,055 basehttp 124 "GET / HTTP/1.1" 404 2093
WARNING 2024-03-27 17:21:15,693 base 152 Not Found: /
WARNING 2024-03-27 17:21:15,696 basehttp 124 "GET / HTTP/1.1" 404 2093
INFO 2024-03-27 17:21:29,344 basehttp 124 "GET /static/images/logo.png HTTP/1.1" 200 7696
WARNING 2024-03-27 17:21:29,389 base 152 Not Found: /image_codes/fc936cb8-ee06-493f-99be-d4a3730a77a2/
WARNING 2024-03-27 17:21:29,390 basehttp 124 "GET /image_codes/fc936cb8-ee06-493f-99be-d4a3730a77a2/ HTTP/1.1" 404 2258
WARNING 2024-03-27 17:21:54,079 base 152 Not Found: /
WARNING 2024-03-27 17:21:54,082 basehttp 124 "GET / HTTP/1.1" 404 2093
WARNING 2024-03-27 17:26:40,990 base 152 Not Found: /
WARNING 2024-03-27 17:26:40,991 basehttp 124 "GET / HTTP/1.1" 404 2093
WARNING 2024-03-27 17:30:48,978 base 152 Not Found: /
WARNING 2024-03-27 17:30:48,981 basehttp 124 "GET / HTTP/1.1" 404 2093
INFO 2024-03-27 17:31:02,349 basehttp 124 "GET /register/ HTTP/1.1" 200 4480
INFO 2024-03-27 17:31:02,409 basehttp 124 "GET /static/images/logo.png HTTP/1.1" 200 7696
WARNING 2024-03-27 17:31:02,459 base 152 Not Found: /image_codes/6ca5748b-de3a-4102-b965-b14c2a6dae48/
WARNING 2024-03-27 17:31:02,459 basehttp 124 "GET /image_codes/6ca5748b-de3a-4102-b965-b14c2a6dae48/ HTTP/1.1" 404 2258
WARNING 2024-03-27 17:31:30,220 base 152 Not Found: /usernames/wangyutao/count/
WARNING 2024-03-27 17:31:30,229 basehttp 124 "GET /usernames/wangyutao/count/ HTTP/1.1" 404 2189
WARNING 2024-03-27 17:31:57,771 base 152 Not Found: /mobiles/13612345678/count/
WARNING 2024-03-27 17:31:57,774 basehttp 124 "GET /mobiles/13612345678/count/ HTTP/1.1" 404 2189
WARNING 2024-03-27 17:32:12,509 csrf 160 Forbidden (CSRF cookie not set.): /register/
WARNING 2024-03-27 17:32:12,520 basehttp 124 "POST /register/ HTTP/1.1" 403 2857
WARNING 2024-03-27 17:33:59,329 base 152 Not Found: /
WARNING 2024-03-27 17:33:59,331 basehttp 124 "GET / HTTP/1.1" 404 2093
WARNING 2024-03-27 17:34:07,439 base 152 Not Found: /
WARNING 2024-03-27 17:34:07,441 basehttp 124 "GET / HTTP/1.1" 404 2093
WARNING 2024-03-27 17:34:19,342 base 152 Not Found: /usernames/wangyutao/count/
WARNING 2024-03-27 17:34:19,343 basehttp 124 "GET /usernames/wangyutao/count/ HTTP/1.1" 404 2189
WARNING 2024-03-27 17:34:32,993 base 152 Not Found: /mobiles/13612345678/count/
WARNING 2024-03-27 17:34:32,994 basehttp 124 "GET /mobiles/13612345678/count/ HTTP/1.1" 404 2189
WARNING 2024-03-27 17:34:37,562 basehttp 124 "POST /register/ HTTP/1.1" 403 18
WARNING 2024-03-27 17:38:24,027 base 152 Not Found: /
WARNING 2024-03-27 17:38:24,028 basehttp 124 "GET / HTTP/1.1" 404 2093
WARNING 2024-03-27 17:38:37,053 basehttp 124 "POST /register/ HTTP/1.1" 403 18
WARNING 2024-03-27 17:39:06,173 base 152 Not Found: /
WARNING 2024-03-27 17:39:06,175 basehttp 124 "GET / HTTP/1.1" 404 2093
INFO 2024-03-27 17:39:23,854 basehttp 124 "GET /register/ HTTP/1.1" 200 4490
INFO 2024-03-27 17:39:23,928 basehttp 124 "GET /static/images/logo.png HTTP/1.1" 200 7696
INFO 2024-03-27 17:39:23,929 basehttp 124 "GET /static/js/host.js HTTP/1.1" 200 80
WARNING 2024-03-27 17:39:24,039 base 152 Not Found: /image_codes/ae85178d-06d2-4de8-b0b7-7bef8e37ca44/
WARNING 2024-03-27 17:39:24,041 basehttp 124 "GET /image_codes/ae85178d-06d2-4de8-b0b7-7bef8e37ca44/ HTTP/1.1" 404 2258
WARNING 2024-03-27 17:40:06,906 base 152 Not Found: /usernames/wangyutao/count/
WARNING 2024-03-27 17:40:06,908 basehttp 124 "GET /usernames/wangyutao/count/ HTTP/1.1" 404 2189
WARNING 2024-03-27 17:40:23,848 base 152 Not Found: /mobiles/13612345678/count/
WARNING 2024-03-27 17:40:23,851 basehttp 124 "GET /mobiles/13612345678/count/ HTTP/1.1" 404 2189
WARNING 2024-03-27 17:43:33,254 base 152 Not Found: /usernames/wangyutao/count/
WARNING 2024-03-27 17:43:33,255 basehttp 124 "GET /usernames/wangyutao/count/ HTTP/1.1" 404 2189
WARNING 2024-03-27 17:43:33,262 base 152 Not Found: /mobiles/13612345678/count/
WARNING 2024-03-27 17:43:33,262 basehttp 124 "GET /mobiles/13612345678/count/ HTTP/1.1" 404 2189
WARNING 2024-03-27 17:43:34,599 base 152 Not Found: /mobiles/13612345678/count/
WARNING 2024-03-27 17:43:34,608 base 152 Not Found: /usernames/wangyutao/count/
WARNING 2024-03-27 17:43:34,612 basehttp 124 "GET /usernames/wangyutao/count/ HTTP/1.1" 404 2189
WARNING 2024-03-27 17:43:34,614 basehttp 124 "GET /mobiles/13612345678/count/ HTTP/1.1" 404 2189
WARNING 2024-03-27 17:43:38,106 base 152 Not Found: /usernames/wangyutao/count/
WARNING 2024-03-27 17:43:38,112 base 152 Not Found: /mobiles/13612345678/count/
WARNING 2024-03-27 17:43:38,114 basehttp 124 "GET /mobiles/13612345678/count/ HTTP/1.1" 404 2189
WARNING 2024-03-27 17:43:38,115 basehttp 124 "GET /usernames/wangyutao/count/ HTTP/1.1" 404 2189
INFO 2024-03-27 17:43:44,868 basehttp 124 "GET /register/ HTTP/1.1" 200 4490
WARNING 2024-03-27 17:43:44,934 base 152 Not Found: /image_codes/d5fa4867-9434-4162-a855-0d2234a114af/
WARNING 2024-03-27 17:43:44,935 basehttp 124 "GET /image_codes/d5fa4867-9434-4162-a855-0d2234a114af/ HTTP/1.1" 404 2258
WARNING 2024-03-27 17:43:52,370 base 152 Not Found: /usernames/wangyutao/count/
WARNING 2024-03-27 17:43:52,372 basehttp 124 "GET /usernames/wangyutao/count/ HTTP/1.1" 404 2189
WARNING 2024-03-27 17:44:05,433 base 152 Not Found: /mobiles/13612345678/count/
WARNING 2024-03-27 17:44:05,434 basehttp 124 "GET /mobiles/13612345678/count/ HTTP/1.1" 404 2189
ERROR 2024-03-27 17:44:14,829 exception 135 Internal Server Error: /register/
Traceback (most recent call last):
  File "/home/wyt/CSCI3100/pythonProject/Modern_Gent_Trendsetter/venv/lib/python3.6/site-packages/django_redis/cache.py", line 32, in _decorator
    return method(self, *args, **kwargs)
  File "/home/wyt/CSCI3100/pythonProject/Modern_Gent_Trendsetter/venv/lib/python3.6/site-packages/django_redis/cache.py", line 124, in has_key
    return self.client.has_key(*args, **kwargs)
  File "/home/wyt/CSCI3100/pythonProject/Modern_Gent_Trendsetter/venv/lib/python3.6/site-packages/django_redis/client/default.py", line 474, in has_key
    raise ConnectionInterrupted(connection=client, parent=e)
django_redis.exceptions.ConnectionInterrupted: Redis ConnectionError: Error 111 connecting to 127.0.0.1:6379. Connection refused.

During handling of the above exception, another exception occurred:

Traceback (most recent call last):
  File "/home/wyt/CSCI3100/pythonProject/Modern_Gent_Trendsetter/venv/lib/python3.6/site-packages/django/core/handlers/exception.py", line 41, in inner
    response = get_response(request)
  File "/home/wyt/CSCI3100/pythonProject/Modern_Gent_Trendsetter/venv/lib/python3.6/site-packages/django/core/handlers/base.py", line 187, in _get_response
    response = self.process_exception_by_middleware(e, request)
  File "/home/wyt/CSCI3100/pythonProject/Modern_Gent_Trendsetter/venv/lib/python3.6/site-packages/django/core/handlers/base.py", line 185, in _get_response
    response = wrapped_callback(request, *callback_args, **callback_kwargs)
  File "/home/wyt/CSCI3100/pythonProject/Modern_Gent_Trendsetter/venv/lib/python3.6/site-packages/django/views/generic/base.py", line 68, in view
    return self.dispatch(request, *args, **kwargs)
  File "/home/wyt/CSCI3100/pythonProject/Modern_Gent_Trendsetter/venv/lib/python3.6/site-packages/django/views/generic/base.py", line 88, in dispatch
    return handler(request, *args, **kwargs)
  File "/home/wyt/CSCI3100/pythonProject/Modern_Gent_Trendsetter/shoppingmall/shoppingmall/apps/users/views.py", line 51, in post
    login(request, user)
  File "/home/wyt/CSCI3100/pythonProject/Modern_Gent_Trendsetter/venv/lib/python3.6/site-packages/django/contrib/auth/__init__.py", line 140, in login
    request.session.cycle_key()
  File "/home/wyt/CSCI3100/pythonProject/Modern_Gent_Trendsetter/venv/lib/python3.6/site-packages/django/contrib/sessions/backends/base.py", line 311, in cycle_key
    self.create()
  File "/home/wyt/CSCI3100/pythonProject/Modern_Gent_Trendsetter/venv/lib/python3.6/site-packages/django/contrib/sessions/backends/cache.py", line 44, in create
    self._session_key = self._get_new_session_key()
  File "/home/wyt/CSCI3100/pythonProject/Modern_Gent_Trendsetter/venv/lib/python3.6/site-packages/django/contrib/sessions/backends/base.py", line 164, in _get_new_session_key
    if not self.exists(session_key):
  File "/home/wyt/CSCI3100/pythonProject/Modern_Gent_Trendsetter/venv/lib/python3.6/site-packages/django/contrib/sessions/backends/cache.py", line 71, in exists
    return session_key and (self.cache_key_prefix + session_key) in self._cache
  File "/home/wyt/CSCI3100/pythonProject/Modern_Gent_Trendsetter/venv/lib/python3.6/site-packages/django/core/cache/backends/base.py", line 203, in __contains__
    return self.has_key(key)
  File "/home/wyt/CSCI3100/pythonProject/Modern_Gent_Trendsetter/venv/lib/python3.6/site-packages/django_redis/cache.py", line 39, in _decorator
    raise e.parent
  File "/home/wyt/CSCI3100/pythonProject/Modern_Gent_Trendsetter/venv/lib/python3.6/site-packages/django_redis/client/default.py", line 472, in has_key
    return client.exists(key) == 1
  File "/home/wyt/CSCI3100/pythonProject/Modern_Gent_Trendsetter/venv/lib/python3.6/site-packages/redis/commands/core.py", line 1612, in exists
    return self.execute_command("EXISTS", *names)
  File "/home/wyt/CSCI3100/pythonProject/Modern_Gent_Trendsetter/venv/lib/python3.6/site-packages/redis/client.py", line 1235, in execute_command
    conn = self.connection or pool.get_connection(command_name, **options)
  File "/home/wyt/CSCI3100/pythonProject/Modern_Gent_Trendsetter/venv/lib/python3.6/site-packages/redis/connection.py", line 1387, in get_connection
    connection.connect()
  File "/home/wyt/CSCI3100/pythonProject/Modern_Gent_Trendsetter/venv/lib/python3.6/site-packages/redis/connection.py", line 617, in connect
    raise ConnectionError(self._error_message(e))
redis.exceptions.ConnectionError: Error 111 connecting to 127.0.0.1:6379. Connection refused.
ERROR 2024-03-27 17:44:15,021 basehttp 124 "POST /register/ HTTP/1.1" 500 162106
INFO 2024-03-27 17:45:04,686 basehttp 124 "POST /register/ HTTP/1.1" 200 4591
WARNING 2024-03-27 17:45:10,155 base 152 Not Found: /
WARNING 2024-03-27 17:45:10,155 basehttp 124 "GET / HTTP/1.1" 404 2093
INFO 2024-03-27 17:45:17,660 basehttp 124 "GET /register/ HTTP/1.1" 200 4490
WARNING 2024-03-27 17:45:17,738 base 152 Not Found: /image_codes/fe93bd52-96d5-44de-bb92-5b19d4bba92a/
WARNING 2024-03-27 17:45:17,739 basehttp 124 "GET /image_codes/fe93bd52-96d5-44de-bb92-5b19d4bba92a/ HTTP/1.1" 404 2258
WARNING 2024-03-27 17:45:23,183 base 152 Not Found: /usernames/wangyutao/count/
WARNING 2024-03-27 17:45:23,185 basehttp 124 "GET /usernames/wangyutao/count/ HTTP/1.1" 404 2189
WARNING 2024-03-27 17:45:37,552 base 152 Not Found: /mobiles/13612345678/count/
WARNING 2024-03-27 17:45:37,553 basehttp 124 "GET /mobiles/13612345678/count/ HTTP/1.1" 404 2189
INFO 2024-03-27 17:45:42,561 basehttp 124 "POST /register/ HTTP/1.1" 200 4591
WARNING 2024-03-27 17:45:42,710 base 152 Not Found: /image_codes/1452ba1a-5878-4db8-9735-c7c411ad3dd7/
WARNING 2024-03-27 17:45:42,710 basehttp 124 "GET /image_codes/1452ba1a-5878-4db8-9735-c7c411ad3dd7/ HTTP/1.1" 404 2258
WARNING 2024-03-27 17:50:32,412 base 152 Not Found: /
WARNING 2024-03-27 17:50:32,422 basehttp 124 "GET / HTTP/1.1" 404 2093
WARNING 2024-03-27 17:50:44,903 base 152 Not Found: /usernames/wangyutao/count/
WARNING 2024-03-27 17:50:44,905 basehttp 124 "GET /usernames/wangyutao/count/ HTTP/1.1" 404 2189
WARNING 2024-03-27 17:50:56,204 base 152 Not Found: /mobiles/13612345678/count/
WARNING 2024-03-27 17:50:56,205 basehttp 124 "GET /mobiles/13612345678/count/ HTTP/1.1" 404 2189
WARNING 2024-03-27 17:55:44,090 base 152 Not Found: /
WARNING 2024-03-27 17:55:44,091 basehttp 124 "GET / HTTP/1.1" 404 2093
WARNING 2024-03-27 17:55:51,915 base 152 Not Found: /
WARNING 2024-03-27 17:55:51,915 basehttp 124 "GET / HTTP/1.1" 404 2093
INFO 2024-03-27 17:56:01,810 basehttp 124 "POST /register/ HTTP/1.1" 200 4591
INFO 2024-03-27 17:56:01,851 basehttp 124 "GET /static/images/logo.png HTTP/1.1" 200 7696
WARNING 2024-03-27 17:56:01,876 base 152 Not Found: /image_codes/19ee6426-1b4f-48e1-a30f-30ebca9c62d3/
WARNING 2024-03-27 17:56:01,878 basehttp 124 "GET /image_codes/19ee6426-1b4f-48e1-a30f-30ebca9c62d3/ HTTP/1.1" 404 2258
WARNING 2024-03-27 17:56:10,505 base 152 Not Found: /usernames/wangyutao1/count/
WARNING 2024-03-27 17:56:10,506 basehttp 124 "GET /usernames/wangyutao1/count/ HTTP/1.1" 404 2192
WARNING 2024-03-27 17:56:21,708 base 152 Not Found: /mobiles/13612345678/count/
WARNING 2024-03-27 17:56:21,708 basehttp 124 "GET /mobiles/13612345678/count/ HTTP/1.1" 404 2189
INFO 2024-03-27 17:56:26,576 basehttp 124 "POST /register/ HTTP/1.1" 200 4591
WARNING 2024-03-27 17:56:26,705 base 152 Not Found: /image_codes/3dff43c5-5fbd-4b52-b080-623618d55c56/
WARNING 2024-03-27 17:56:26,706 basehttp 124 "GET /image_codes/3dff43c5-5fbd-4b52-b080-623618d55c56/ HTTP/1.1" 404 2258
INFO 2024-03-27 17:56:46,200 basehttp 124 "GET /register/ HTTP/1.1" 200 4490
WARNING 2024-03-27 17:56:46,269 base 152 Not Found: /image_codes/4938e45c-cd9b-43ac-b165-9f8432a0434a/
WARNING 2024-03-27 17:56:46,270 basehttp 124 "GET /image_codes/4938e45c-cd9b-43ac-b165-9f8432a0434a/ HTTP/1.1" 404 2258
WARNING 2024-03-27 17:57:02,711 base 152 Not Found: /usernames/wangyutao1111/count/
WARNING 2024-03-27 17:57:02,715 basehttp 124 "GET /usernames/wangyutao1111/count/ HTTP/1.1" 404 2201
WARNING 2024-03-27 17:57:25,553 base 152 Not Found: /mobiles/13611111111/count/
WARNING 2024-03-27 17:57:25,555 basehttp 124 "GET /mobiles/13611111111/count/ HTTP/1.1" 404 2189
ERROR 2024-03-27 17:57:30,988 exception 135 Internal Server Error: /register/
Traceback (most recent call last):
  File "/home/wyt/CSCI3100/pythonProject/Modern_Gent_Trendsetter/venv/lib/python3.6/site-packages/django_redis/cache.py", line 32, in _decorator
    return method(self, *args, **kwargs)
  File "/home/wyt/CSCI3100/pythonProject/Modern_Gent_Trendsetter/venv/lib/python3.6/site-packages/django_redis/cache.py", line 124, in has_key
    return self.client.has_key(*args, **kwargs)
  File "/home/wyt/CSCI3100/pythonProject/Modern_Gent_Trendsetter/venv/lib/python3.6/site-packages/django_redis/client/default.py", line 474, in has_key
    raise ConnectionInterrupted(connection=client, parent=e)
django_redis.exceptions.ConnectionInterrupted: Redis ConnectionError: Error 111 connecting to 127.0.0.1:6379. Connection refused.

During handling of the above exception, another exception occurred:

Traceback (most recent call last):
  File "/home/wyt/CSCI3100/pythonProject/Modern_Gent_Trendsetter/venv/lib/python3.6/site-packages/django/core/handlers/exception.py", line 41, in inner
    response = get_response(request)
  File "/home/wyt/CSCI3100/pythonProject/Modern_Gent_Trendsetter/venv/lib/python3.6/site-packages/django/core/handlers/base.py", line 187, in _get_response
    response = self.process_exception_by_middleware(e, request)
  File "/home/wyt/CSCI3100/pythonProject/Modern_Gent_Trendsetter/venv/lib/python3.6/site-packages/django/core/handlers/base.py", line 185, in _get_response
    response = wrapped_callback(request, *callback_args, **callback_kwargs)
  File "/home/wyt/CSCI3100/pythonProject/Modern_Gent_Trendsetter/venv/lib/python3.6/site-packages/django/views/generic/base.py", line 68, in view
    return self.dispatch(request, *args, **kwargs)
  File "/home/wyt/CSCI3100/pythonProject/Modern_Gent_Trendsetter/venv/lib/python3.6/site-packages/django/views/generic/base.py", line 88, in dispatch
    return handler(request, *args, **kwargs)
  File "/home/wyt/CSCI3100/pythonProject/Modern_Gent_Trendsetter/shoppingmall/shoppingmall/apps/users/views.py", line 51, in post
    login(request, user)
  File "/home/wyt/CSCI3100/pythonProject/Modern_Gent_Trendsetter/venv/lib/python3.6/site-packages/django/contrib/auth/__init__.py", line 140, in login
    request.session.cycle_key()
  File "/home/wyt/CSCI3100/pythonProject/Modern_Gent_Trendsetter/venv/lib/python3.6/site-packages/django/contrib/sessions/backends/base.py", line 311, in cycle_key
    self.create()
  File "/home/wyt/CSCI3100/pythonProject/Modern_Gent_Trendsetter/venv/lib/python3.6/site-packages/django/contrib/sessions/backends/cache.py", line 44, in create
    self._session_key = self._get_new_session_key()
  File "/home/wyt/CSCI3100/pythonProject/Modern_Gent_Trendsetter/venv/lib/python3.6/site-packages/django/contrib/sessions/backends/base.py", line 164, in _get_new_session_key
    if not self.exists(session_key):
  File "/home/wyt/CSCI3100/pythonProject/Modern_Gent_Trendsetter/venv/lib/python3.6/site-packages/django/contrib/sessions/backends/cache.py", line 71, in exists
    return session_key and (self.cache_key_prefix + session_key) in self._cache
  File "/home/wyt/CSCI3100/pythonProject/Modern_Gent_Trendsetter/venv/lib/python3.6/site-packages/django/core/cache/backends/base.py", line 203, in __contains__
    return self.has_key(key)
  File "/home/wyt/CSCI3100/pythonProject/Modern_Gent_Trendsetter/venv/lib/python3.6/site-packages/django_redis/cache.py", line 39, in _decorator
    raise e.parent
  File "/home/wyt/CSCI3100/pythonProject/Modern_Gent_Trendsetter/venv/lib/python3.6/site-packages/django_redis/client/default.py", line 472, in has_key
    return client.exists(key) == 1
  File "/home/wyt/CSCI3100/pythonProject/Modern_Gent_Trendsetter/venv/lib/python3.6/site-packages/redis/commands/core.py", line 1612, in exists
    return self.execute_command("EXISTS", *names)
  File "/home/wyt/CSCI3100/pythonProject/Modern_Gent_Trendsetter/venv/lib/python3.6/site-packages/redis/client.py", line 1235, in execute_command
    conn = self.connection or pool.get_connection(command_name, **options)
  File "/home/wyt/CSCI3100/pythonProject/Modern_Gent_Trendsetter/venv/lib/python3.6/site-packages/redis/connection.py", line 1387, in get_connection
    connection.connect()
  File "/home/wyt/CSCI3100/pythonProject/Modern_Gent_Trendsetter/venv/lib/python3.6/site-packages/redis/connection.py", line 617, in connect
    raise ConnectionError(self._error_message(e))
redis.exceptions.ConnectionError: Error 111 connecting to 127.0.0.1:6379. Connection refused.
ERROR 2024-03-27 17:57:31,040 basehttp 124 "POST /register/ HTTP/1.1" 500 147421
WARNING 2024-03-27 17:58:42,329 base 152 Not Found: /
WARNING 2024-03-27 17:58:42,331 basehttp 124 "GET / HTTP/1.1" 404 2093
INFO 2024-03-27 17:58:50,186 basehttp 124 "GET /register/ HTTP/1.1" 200 4490
WARNING 2024-03-27 17:58:50,273 base 152 Not Found: /image_codes/7730ba45-9dc1-4e3f-8851-44dd666c26ec/
WARNING 2024-03-27 17:58:50,274 basehttp 124 "GET /image_codes/7730ba45-9dc1-4e3f-8851-44dd666c26ec/ HTTP/1.1" 404 2258
WARNING 2024-03-27 17:58:57,245 base 152 Not Found: /usernames/wwwwww/count/
WARNING 2024-03-27 17:58:57,247 basehttp 124 "GET /usernames/wwwwww/count/ HTTP/1.1" 404 2180
WARNING 2024-03-27 17:59:14,494 base 152 Not Found: /mobiles/13111111111/count/
WARNING 2024-03-27 17:59:14,494 basehttp 124 "GET /mobiles/13111111111/count/ HTTP/1.1" 404 2189
WARNING 2024-03-27 18:02:35,361 base 152 Not Found: /
WARNING 2024-03-27 18:02:35,367 basehttp 124 "GET / HTTP/1.1" 404 2093
WARNING 2024-03-27 18:02:35,433 base 152 Not Found: /favicon.ico
WARNING 2024-03-27 18:02:35,438 basehttp 124 "GET /favicon.ico HTTP/1.1" 404 2144
INFO 2024-03-27 18:02:44,121 basehttp 124 "GET /register HTTP/1.1" 301 0
INFO 2024-03-27 18:02:44,139 basehttp 124 "GET /register/ HTTP/1.1" 200 4490
INFO 2024-03-27 18:02:44,191 basehttp 124 "GET /static/css/reset.css HTTP/1.1" 200 638
INFO 2024-03-27 18:02:44,202 basehttp 124 "GET /static/css/main.css HTTP/1.1" 200 39722
INFO 2024-03-27 18:02:44,204 basehttp 124 "GET /static/js/host.js HTTP/1.1" 200 80
INFO 2024-03-27 18:02:44,209 basehttp 124 "GET /static/js/vue-2.5.16.js HTTP/1.1" 200 289307
INFO 2024-03-27 18:02:44,212 basehttp 124 "GET /static/js/axios-0.18.0.min.js HTTP/1.1" 200 12941
INFO 2024-03-27 18:02:44,225 basehttp 124 "GET /static/images/logo.png HTTP/1.1" 200 7696
INFO 2024-03-27 18:02:44,228 basehttp 124 "GET /static/js/register.js HTTP/1.1" 200 9786
INFO 2024-03-27 18:02:44,255 basehttp 124 "GET /static/images/interval_line.png HTTP/1.1" 200 1123
INFO 2024-03-27 18:02:44,262 basehttp 124 "GET /static/images/register_banner.png HTTP/1.1" 200 54894
INFO 2024-03-27 18:02:44,268 basehttp 124 "GET /static/images/icons02.png HTTP/1.1" 200 3935
INFO 2024-03-27 18:03:11,158 basehttp 124 code 400, message Bad request syntax ('*2')
WARNING 2024-03-27 18:03:11,158 basehttp 124 "*2" 400 -
ERROR 2024-03-27 18:03:11,158 exception 135 Internal Server Error: /register/
Traceback (most recent call last):
  File "/home/wyt/CSCI3100/pythonProject/Modern_Gent_Trendsetter/venv/lib/python3.6/site-packages/django_redis/cache.py", line 32, in _decorator
    return method(self, *args, **kwargs)
  File "/home/wyt/CSCI3100/pythonProject/Modern_Gent_Trendsetter/venv/lib/python3.6/site-packages/django_redis/cache.py", line 124, in has_key
    return self.client.has_key(*args, **kwargs)
  File "/home/wyt/CSCI3100/pythonProject/Modern_Gent_Trendsetter/venv/lib/python3.6/site-packages/django_redis/client/default.py", line 474, in has_key
    raise ConnectionInterrupted(connection=client, parent=e)
django_redis.exceptions.ConnectionInterrupted: Redis ConnectionError: Connection closed by server.

During handling of the above exception, another exception occurred:

Traceback (most recent call last):
  File "/home/wyt/CSCI3100/pythonProject/Modern_Gent_Trendsetter/venv/lib/python3.6/site-packages/django/core/handlers/exception.py", line 41, in inner
    response = get_response(request)
  File "/home/wyt/CSCI3100/pythonProject/Modern_Gent_Trendsetter/venv/lib/python3.6/site-packages/django/core/handlers/base.py", line 187, in _get_response
    response = self.process_exception_by_middleware(e, request)
  File "/home/wyt/CSCI3100/pythonProject/Modern_Gent_Trendsetter/venv/lib/python3.6/site-packages/django/core/handlers/base.py", line 185, in _get_response
    response = wrapped_callback(request, *callback_args, **callback_kwargs)
  File "/home/wyt/CSCI3100/pythonProject/Modern_Gent_Trendsetter/venv/lib/python3.6/site-packages/django/views/generic/base.py", line 68, in view
    return self.dispatch(request, *args, **kwargs)
  File "/home/wyt/CSCI3100/pythonProject/Modern_Gent_Trendsetter/venv/lib/python3.6/site-packages/django/views/generic/base.py", line 88, in dispatch
    return handler(request, *args, **kwargs)
  File "/home/wyt/CSCI3100/pythonProject/Modern_Gent_Trendsetter/shoppingmall/shoppingmall/apps/users/views.py", line 51, in post
    login(request, user)
  File "/home/wyt/CSCI3100/pythonProject/Modern_Gent_Trendsetter/venv/lib/python3.6/site-packages/django/contrib/auth/__init__.py", line 140, in login
    request.session.cycle_key()
  File "/home/wyt/CSCI3100/pythonProject/Modern_Gent_Trendsetter/venv/lib/python3.6/site-packages/django/contrib/sessions/backends/base.py", line 311, in cycle_key
    self.create()
  File "/home/wyt/CSCI3100/pythonProject/Modern_Gent_Trendsetter/venv/lib/python3.6/site-packages/django/contrib/sessions/backends/cache.py", line 44, in create
    self._session_key = self._get_new_session_key()
  File "/home/wyt/CSCI3100/pythonProject/Modern_Gent_Trendsetter/venv/lib/python3.6/site-packages/django/contrib/sessions/backends/base.py", line 164, in _get_new_session_key
    if not self.exists(session_key):
  File "/home/wyt/CSCI3100/pythonProject/Modern_Gent_Trendsetter/venv/lib/python3.6/site-packages/django/contrib/sessions/backends/cache.py", line 71, in exists
    return session_key and (self.cache_key_prefix + session_key) in self._cache
  File "/home/wyt/CSCI3100/pythonProject/Modern_Gent_Trendsetter/venv/lib/python3.6/site-packages/django/core/cache/backends/base.py", line 203, in __contains__
    return self.has_key(key)
  File "/home/wyt/CSCI3100/pythonProject/Modern_Gent_Trendsetter/venv/lib/python3.6/site-packages/django_redis/cache.py", line 39, in _decorator
    raise e.parent
  File "/home/wyt/CSCI3100/pythonProject/Modern_Gent_Trendsetter/venv/lib/python3.6/site-packages/django_redis/client/default.py", line 472, in has_key
    return client.exists(key) == 1
  File "/home/wyt/CSCI3100/pythonProject/Modern_Gent_Trendsetter/venv/lib/python3.6/site-packages/redis/commands/core.py", line 1612, in exists
    return self.execute_command("EXISTS", *names)
  File "/home/wyt/CSCI3100/pythonProject/Modern_Gent_Trendsetter/venv/lib/python3.6/site-packages/redis/client.py", line 1235, in execute_command
    conn = self.connection or pool.get_connection(command_name, **options)
  File "/home/wyt/CSCI3100/pythonProject/Modern_Gent_Trendsetter/venv/lib/python3.6/site-packages/redis/connection.py", line 1387, in get_connection
    connection.connect()
  File "/home/wyt/CSCI3100/pythonProject/Modern_Gent_Trendsetter/venv/lib/python3.6/site-packages/redis/connection.py", line 623, in connect
    self.on_connect()
  File "/home/wyt/CSCI3100/pythonProject/Modern_Gent_Trendsetter/venv/lib/python3.6/site-packages/redis/connection.py", line 734, in on_connect
    if str_if_bytes(self.read_response()) != "OK":
  File "/home/wyt/CSCI3100/pythonProject/Modern_Gent_Trendsetter/venv/lib/python3.6/site-packages/redis/connection.py", line 824, in read_response
    response = self._parser.read_response(disable_decoding=disable_decoding)
  File "/home/wyt/CSCI3100/pythonProject/Modern_Gent_Trendsetter/venv/lib/python3.6/site-packages/redis/connection.py", line 318, in read_response
    raw = self._buffer.readline()
  File "/home/wyt/CSCI3100/pythonProject/Modern_Gent_Trendsetter/venv/lib/python3.6/site-packages/redis/connection.py", line 249, in readline
    self._read_from_socket()
  File "/home/wyt/CSCI3100/pythonProject/Modern_Gent_Trendsetter/venv/lib/python3.6/site-packages/redis/connection.py", line 195, in _read_from_socket
    raise ConnectionError(SERVER_CLOSED_CONNECTION_ERROR)
redis.exceptions.ConnectionError: Connection closed by server.
ERROR 2024-03-27 18:03:11,214 basehttp 124 "POST /register/ HTTP/1.1" 500 169125
WARNING 2024-03-27 18:03:53,545 base 152 Not Found: /
WARNING 2024-03-27 18:03:53,547 basehttp 124 "GET / HTTP/1.1" 404 2093
WARNING 2024-03-27 18:04:19,674 base 152 Not Found: /
WARNING 2024-03-27 18:04:19,676 basehttp 124 "GET / HTTP/1.1" 404 2093
INFO 2024-03-27 18:04:25,991 basehttp 124 "GET /register/ HTTP/1.1" 200 4490
INFO 2024-03-27 18:04:26,047 basehttp 124 "GET /static/css/reset.css HTTP/1.1" 200 638
INFO 2024-03-27 18:04:26,049 basehttp 124 "GET /static/css/main.css HTTP/1.1" 200 8192
INFO 2024-03-27 18:04:26,051 basehttp 124 "GET /static/js/host.js HTTP/1.1" 200 80
INFO 2024-03-27 18:05:09,782 basehttp 124 code 400, message Bad request syntax ('*2')
WARNING 2024-03-27 18:05:09,782 basehttp 124 "*2" 400 -
INFO 2024-03-27 18:15:54,941 basehttp 124 code 400, message Bad request syntax ('*2')
WARNING 2024-03-27 18:15:54,942 basehttp 124 "*2" 400 -
WARNING 2024-03-27 18:16:49,741 csrf 160 Forbidden (CSRF cookie not set.): /register/
WARNING 2024-03-27 18:16:49,748 basehttp 124 "POST /register/ HTTP/1.1" 403 2857
INFO 2024-03-27 18:17:20,422 basehttp 124 "POST /register/ HTTP/1.1" 200 4591
INFO 2024-03-27 18:18:52,184 basehttp 124 "POST /register/ HTTP/1.1" 200 4591
INFO 2024-03-27 18:19:17,240 basehttp 124 "POST /register/ HTTP/1.1" 302 0
WARNING 2024-03-27 18:19:17,257 base 152 Not Found: /
WARNING 2024-03-27 18:19:17,259 basehttp 124 "GET / HTTP/1.1" 404 2093
WARNING 2024-03-27 18:25:11,557 base 152 Not Found: /
WARNING 2024-03-27 18:25:11,558 basehttp 124 "GET / HTTP/1.1" 404 2093
INFO 2024-03-27 18:25:16,266 basehttp 124 "GET /register/ HTTP/1.1" 200 4490
WARNING 2024-03-27 18:25:16,410 base 152 Not Found: /image_codes/c9375723-e721-487a-8a8f-d3f32745bd15/
WARNING 2024-03-27 18:25:16,410 basehttp 124 "GET /image_codes/c9375723-e721-487a-8a8f-d3f32745bd15/ HTTP/1.1" 404 2258
WARNING 2024-03-27 18:25:23,459 base 152 Not Found: /usernames/abcde/count/
WARNING 2024-03-27 18:25:23,463 basehttp 124 "GET /usernames/abcde/count/ HTTP/1.1" 404 2177
WARNING 2024-03-27 18:25:39,031 base 152 Not Found: /mobiles/18211111111/count/
WARNING 2024-03-27 18:25:39,031 basehttp 124 "GET /mobiles/18211111111/count/ HTTP/1.1" 404 2189
ERROR 2024-03-27 18:25:44,182 exception 135 Internal Server Error: /register/
Traceback (most recent call last):
  File "/home/wyt/CSCI3100/pythonProject/Modern_Gent_Trendsetter/venv/lib/python3.6/site-packages/django_redis/cache.py", line 32, in _decorator
    return method(self, *args, **kwargs)
  File "/home/wyt/CSCI3100/pythonProject/Modern_Gent_Trendsetter/venv/lib/python3.6/site-packages/django_redis/cache.py", line 124, in has_key
    return self.client.has_key(*args, **kwargs)
  File "/home/wyt/CSCI3100/pythonProject/Modern_Gent_Trendsetter/venv/lib/python3.6/site-packages/django_redis/client/default.py", line 474, in has_key
    raise ConnectionInterrupted(connection=client, parent=e)
django_redis.exceptions.ConnectionInterrupted: Redis ConnectionError: Error 111 connecting to 127.0.0.1:6379. Connection refused.

During handling of the above exception, another exception occurred:

Traceback (most recent call last):
  File "/home/wyt/CSCI3100/pythonProject/Modern_Gent_Trendsetter/venv/lib/python3.6/site-packages/django/core/handlers/exception.py", line 41, in inner
    response = get_response(request)
  File "/home/wyt/CSCI3100/pythonProject/Modern_Gent_Trendsetter/venv/lib/python3.6/site-packages/django/core/handlers/base.py", line 187, in _get_response
    response = self.process_exception_by_middleware(e, request)
  File "/home/wyt/CSCI3100/pythonProject/Modern_Gent_Trendsetter/venv/lib/python3.6/site-packages/django/core/handlers/base.py", line 185, in _get_response
    response = wrapped_callback(request, *callback_args, **callback_kwargs)
  File "/home/wyt/CSCI3100/pythonProject/Modern_Gent_Trendsetter/venv/lib/python3.6/site-packages/django/views/generic/base.py", line 68, in view
    return self.dispatch(request, *args, **kwargs)
  File "/home/wyt/CSCI3100/pythonProject/Modern_Gent_Trendsetter/venv/lib/python3.6/site-packages/django/views/generic/base.py", line 88, in dispatch
    return handler(request, *args, **kwargs)
  File "/home/wyt/CSCI3100/pythonProject/Modern_Gent_Trendsetter/shoppingmall/shoppingmall/apps/users/views.py", line 51, in post
    login(request, user)
  File "/home/wyt/CSCI3100/pythonProject/Modern_Gent_Trendsetter/venv/lib/python3.6/site-packages/django/contrib/auth/__init__.py", line 140, in login
    request.session.cycle_key()
  File "/home/wyt/CSCI3100/pythonProject/Modern_Gent_Trendsetter/venv/lib/python3.6/site-packages/django/contrib/sessions/backends/base.py", line 311, in cycle_key
    self.create()
  File "/home/wyt/CSCI3100/pythonProject/Modern_Gent_Trendsetter/venv/lib/python3.6/site-packages/django/contrib/sessions/backends/cache.py", line 44, in create
    self._session_key = self._get_new_session_key()
  File "/home/wyt/CSCI3100/pythonProject/Modern_Gent_Trendsetter/venv/lib/python3.6/site-packages/django/contrib/sessions/backends/base.py", line 164, in _get_new_session_key
    if not self.exists(session_key):
  File "/home/wyt/CSCI3100/pythonProject/Modern_Gent_Trendsetter/venv/lib/python3.6/site-packages/django/contrib/sessions/backends/cache.py", line 71, in exists
    return session_key and (self.cache_key_prefix + session_key) in self._cache
  File "/home/wyt/CSCI3100/pythonProject/Modern_Gent_Trendsetter/venv/lib/python3.6/site-packages/django/core/cache/backends/base.py", line 203, in __contains__
    return self.has_key(key)
  File "/home/wyt/CSCI3100/pythonProject/Modern_Gent_Trendsetter/venv/lib/python3.6/site-packages/django_redis/cache.py", line 39, in _decorator
    raise e.parent
  File "/home/wyt/CSCI3100/pythonProject/Modern_Gent_Trendsetter/venv/lib/python3.6/site-packages/django_redis/client/default.py", line 472, in has_key
    return client.exists(key) == 1
  File "/home/wyt/CSCI3100/pythonProject/Modern_Gent_Trendsetter/venv/lib/python3.6/site-packages/redis/commands/core.py", line 1612, in exists
    return self.execute_command("EXISTS", *names)
  File "/home/wyt/CSCI3100/pythonProject/Modern_Gent_Trendsetter/venv/lib/python3.6/site-packages/redis/client.py", line 1235, in execute_command
    conn = self.connection or pool.get_connection(command_name, **options)
  File "/home/wyt/CSCI3100/pythonProject/Modern_Gent_Trendsetter/venv/lib/python3.6/site-packages/redis/connection.py", line 1387, in get_connection
    connection.connect()
  File "/home/wyt/CSCI3100/pythonProject/Modern_Gent_Trendsetter/venv/lib/python3.6/site-packages/redis/connection.py", line 617, in connect
    raise ConnectionError(self._error_message(e))
redis.exceptions.ConnectionError: Error 111 connecting to 127.0.0.1:6379. Connection refused.
ERROR 2024-03-27 18:25:44,235 basehttp 124 "POST /register/ HTTP/1.1" 500 147373
INFO 2024-03-27 18:27:54,689 basehttp 124 "POST /register/ HTTP/1.1" 200 4591
INFO 2024-03-27 18:27:54,733 basehttp 124 "GET /static/images/logo.png HTTP/1.1" 200 7696
WARNING 2024-03-27 18:27:54,762 base 152 Not Found: /image_codes/83c29994-8a5b-42f9-814e-7ac5af0f4dbf/
WARNING 2024-03-27 18:27:54,764 basehttp 124 "GET /image_codes/83c29994-8a5b-42f9-814e-7ac5af0f4dbf/ HTTP/1.1" 404 2258
WARNING 2024-03-27 18:28:07,515 base 152 Not Found: /usernames/wywywywy/count/
WARNING 2024-03-27 18:28:07,522 basehttp 124 "GET /usernames/wywywywy/count/ HTTP/1.1" 404 2186
WARNING 2024-03-27 18:28:22,323 base 152 Not Found: /mobiles/18911111111/count/
WARNING 2024-03-27 18:28:22,324 basehttp 124 "GET /mobiles/18911111111/count/ HTTP/1.1" 404 2189
INFO 2024-03-27 18:28:25,986 basehttp 124 "POST /register/ HTTP/1.1" 302 0
WARNING 2024-03-27 18:28:26,009 base 152 Not Found: /
WARNING 2024-03-27 18:28:26,016 basehttp 124 "GET / HTTP/1.1" 404 2093
INFO 2024-03-27 18:33:31,904 basehttp 124 "GET /register/ HTTP/1.1" 200 4490
INFO 2024-03-27 18:33:31,990 basehttp 124 "GET /static/images/logo.png HTTP/1.1" 200 7696
WARNING 2024-03-27 18:33:32,009 base 152 Not Found: /image_codes/c1e0e2f7-7fbd-4847-b7d3-067903faac2b/
WARNING 2024-03-27 18:33:32,010 basehttp 124 "GET /image_codes/c1e0e2f7-7fbd-4847-b7d3-067903faac2b/ HTTP/1.1" 404 2258
WARNING 2024-03-27 18:44:09,474 base 152 Not Found: /usernames/wywywywy/count/
WARNING 2024-03-27 18:44:09,475 basehttp 124 "GET /usernames/wywywywy/count/ HTTP/1.1" 404 2186
WARNING 2024-03-27 18:44:26,588 base 152 Not Found: /usernames/wangyutao/count/
WARNING 2024-03-27 18:44:26,588 basehttp 124 "GET /usernames/wangyutao/count/ HTTP/1.1" 404 2189
WARNING 2024-03-27 18:44:30,132 base 152 Not Found: /usernames/wangyutao/count/
WARNING 2024-03-27 18:44:30,132 basehttp 124 "GET /usernames/wangyutao/count/ HTTP/1.1" 404 2189
WARNING 2024-03-27 18:44:33,527 base 152 Not Found: /usernames/wangyutao/count/
WARNING 2024-03-27 18:44:33,530 basehttp 124 "GET /usernames/wangyutao/count/ HTTP/1.1" 404 2189
INFO 2024-03-27 18:45:53,597 basehttp 124 "GET /register/ HTTP/1.1" 200 4490
WARNING 2024-03-27 18:45:53,727 base 152 Not Found: /image_codes/9d9f53d2-8ca2-4c49-8206-686c5c2153d4/
WARNING 2024-03-27 18:45:53,727 basehttp 124 "GET /image_codes/9d9f53d2-8ca2-4c49-8206-686c5c2153d4/ HTTP/1.1" 404 2258
WARNING 2024-03-27 18:46:02,156 base 152 Not Found: /usernames/wangyutao/count/
WARNING 2024-03-27 18:46:02,158 basehttp 124 "GET /usernames/wangyutao/count/ HTTP/1.1" 404 2189
WARNING 2024-03-27 18:46:07,151 base 152 Not Found: /usernames/wangyutao/count/
WARNING 2024-03-27 18:46:07,153 basehttp 124 "GET /usernames/wangyutao/count/ HTTP/1.1" 404 2189
WARNING 2024-03-27 18:48:23,928 base 152 Not Found: /
WARNING 2024-03-27 18:48:23,932 basehttp 124 "GET / HTTP/1.1" 404 2093
INFO 2024-03-27 18:48:30,672 basehttp 124 "GET /register/ HTTP/1.1" 200 4490
INFO 2024-03-27 18:48:30,887 basehttp 124 "GET /static/css/reset.css HTTP/1.1" 200 638
INFO 2024-03-27 18:48:30,888 basehttp 124 "GET /static/css/main.css HTTP/1.1" 200 8192
INFO 2024-03-27 18:48:30,899 basehttp 124 "GET /static/images/logo.png HTTP/1.1" 200 7696
WARNING 2024-03-27 18:48:30,967 base 152 Not Found: /image_codes/46955ec1-d216-4a89-b14e-09258316f626/
WARNING 2024-03-27 18:48:30,970 basehttp 124 "GET /image_codes/46955ec1-d216-4a89-b14e-09258316f626/ HTTP/1.1" 404 2258
INFO 2024-03-27 18:48:30,975 basehttp 124 "GET /static/images/interval_line.png HTTP/1.1" 200 1123
INFO 2024-03-27 18:48:30,987 basehttp 124 "GET /static/images/register_banner.png HTTP/1.1" 200 8192
WARNING 2024-03-27 18:48:38,398 base 152 Not Found: /usernames/wangyutao/count/
WARNING 2024-03-27 18:48:38,404 basehttp 124 "GET /usernames/wangyutao/count/ HTTP/1.1" 404 2189
WARNING 2024-03-27 18:49:48,578 base 152 Not Found: /usernames/wangyutao/count/
WARNING 2024-03-27 18:49:48,586 basehttp 124 "GET /usernames/wangyutao/count/ HTTP/1.1" 404 2189
WARNING 2024-03-27 18:50:13,017 base 152 Not Found: /mobiles/13111111111/count/
WARNING 2024-03-27 18:50:13,021 basehttp 124 "GET /mobiles/13111111111/count/ HTTP/1.1" 404 2189
INFO 2024-03-27 18:50:20,499 basehttp 124 "POST /register/ HTTP/1.1" 200 4591
WARNING 2024-03-27 18:50:21,408 base 152 Not Found: /image_codes/17284de6-50f8-4b46-8e63-a9609d41bce2/
WARNING 2024-03-27 18:50:21,414 basehttp 124 "GET /image_codes/17284de6-50f8-4b46-8e63-a9609d41bce2/ HTTP/1.1" 404 2258
WARNING 2024-03-27 18:50:35,258 base 152 Not Found: /usernames/wangyutao/count/
WARNING 2024-03-27 18:50:35,265 basehttp 124 "GET /usernames/wangyutao/count/ HTTP/1.1" 404 2189
WARNING 2024-03-27 18:50:52,973 base 152 Not Found: /usernames/wangyutao/count/
WARNING 2024-03-27 18:50:52,984 basehttp 124 "GET /usernames/wangyutao/count/ HTTP/1.1" 404 2189
WARNING 2024-03-27 18:53:59,126 base 152 Not Found: /
WARNING 2024-03-27 18:53:59,132 basehttp 124 "GET / HTTP/1.1" 404 2093
WARNING 2024-03-27 18:53:59,486 base 152 Not Found: /favicon.ico
WARNING 2024-03-27 18:53:59,489 basehttp 124 "GET /favicon.ico HTTP/1.1" 404 2144
INFO 2024-03-27 18:54:07,530 basehttp 124 "GET /register/ HTTP/1.1" 200 4490
INFO 2024-03-27 18:54:07,904 basehttp 124 "GET /static/images/logo.png HTTP/1.1" 200 7696
WARNING 2024-03-27 18:54:08,061 base 152 Not Found: /image_codes/764ac9aa-8e0b-4715-853c-21d3a8976c3d/
WARNING 2024-03-27 18:54:08,071 basehttp 124 "GET /image_codes/764ac9aa-8e0b-4715-853c-21d3a8976c3d/ HTTP/1.1" 404 2258
WARNING 2024-03-27 18:54:17,510 base 152 Not Found: /usernames/wangyutao/count/
WARNING 2024-03-27 18:54:17,523 basehttp 124 "GET /usernames/wangyutao/count/ HTTP/1.1" 404 2189
WARNING 2024-03-27 18:54:20,608 base 152 Not Found: /usernames/wangyutao/count/
WARNING 2024-03-27 18:54:20,609 basehttp 124 "GET /usernames/wangyutao/count/ HTTP/1.1" 404 2189
WARNING 2024-03-27 18:54:23,423 base 152 Not Found: /usernames/wangyutao/count/
WARNING 2024-03-27 18:54:23,429 basehttp 124 "GET /usernames/wangyutao/count/ HTTP/1.1" 404 2189
INFO 2024-03-27 18:55:20,006 basehttp 124 "GET /register/ HTTP/1.1" 200 4490
WARNING 2024-03-27 18:55:20,514 base 152 Not Found: /image_codes/4cf926c0-b5d3-4bf4-8bfe-f636d9cc0162/
WARNING 2024-03-27 18:55:20,522 basehttp 124 "GET /image_codes/4cf926c0-b5d3-4bf4-8bfe-f636d9cc0162/ HTTP/1.1" 404 2258
WARNING 2024-03-27 18:55:30,187 base 152 Not Found: /usernames/wangyutao/count/
WARNING 2024-03-27 18:55:30,194 basehttp 124 "GET /usernames/wangyutao/count/ HTTP/1.1" 404 2189
WARNING 2024-03-27 18:55:32,962 base 152 Not Found: /usernames/wangyutao/count/
WARNING 2024-03-27 18:55:32,966 basehttp 124 "GET /usernames/wangyutao/count/ HTTP/1.1" 404 2189
WARNING 2024-03-27 18:55:37,253 base 152 Not Found: /usernames/wangyutao/count/
WARNING 2024-03-27 18:55:37,277 basehttp 124 "GET /usernames/wangyutao/count/ HTTP/1.1" 404 2189
INFO 2024-03-27 18:56:48,979 basehttp 124 "GET /register/ HTTP/1.1" 200 4490
WARNING 2024-03-27 18:56:49,560 base 152 Not Found: /image_codes/3e65e3b3-1198-4634-bf01-076fa6d82957/
WARNING 2024-03-27 18:56:49,573 basehttp 124 "GET /image_codes/3e65e3b3-1198-4634-bf01-076fa6d82957/ HTTP/1.1" 404 2258
WARNING 2024-03-27 18:56:57,888 base 152 Not Found: /usernames/wywytr/count/
WARNING 2024-03-27 18:56:57,899 basehttp 124 "GET /usernames/wywytr/count/ HTTP/1.1" 404 2180
WARNING 2024-03-27 18:57:00,820 base 152 Not Found: /usernames/wywytr/count/
WARNING 2024-03-27 18:57:00,834 basehttp 124 "GET /usernames/wywytr/count/ HTTP/1.1" 404 2180
WARNING 2024-03-27 18:57:09,781 base 152 Not Found: /
WARNING 2024-03-27 18:57:09,785 basehttp 124 "GET / HTTP/1.1" 404 2093
WARNING 2024-03-27 18:57:10,134 base 152 Not Found: /favicon.ico
WARNING 2024-03-27 18:57:10,136 basehttp 124 "GET /favicon.ico HTTP/1.1" 404 2144
INFO 2024-03-27 18:57:15,056 basehttp 124 "GET /register/ HTTP/1.1" 200 4490
INFO 2024-03-27 18:57:15,298 basehttp 124 "GET /static/css/reset.css HTTP/1.1" 200 638
INFO 2024-03-27 18:57:15,309 basehttp 124 "GET /static/css/main.css HTTP/1.1" 200 8192
WARNING 2024-03-27 18:57:15,431 base 152 Not Found: /image_codes/eb301a6c-6eb5-47c5-99fe-ea08ceb3fbe6/
WARNING 2024-03-27 18:57:15,437 basehttp 124 "GET /image_codes/eb301a6c-6eb5-47c5-99fe-ea08ceb3fbe6/ HTTP/1.1" 404 2258
WARNING 2024-03-27 18:57:19,283 base 152 Not Found: /usernames/wywywywy/count/
WARNING 2024-03-27 18:57:19,290 basehttp 124 "GET /usernames/wywywywy/count/ HTTP/1.1" 404 2186
INFO 2024-03-27 18:58:07,795 basehttp 124 "GET /register/ HTTP/1.1" 200 4490
WARNING 2024-03-27 18:58:08,404 base 152 Not Found: /image_codes/646cd641-7b7f-4b46-b46c-ea3242eb39e2/
WARNING 2024-03-27 18:58:08,406 basehttp 124 "GET /image_codes/646cd641-7b7f-4b46-b46c-ea3242eb39e2/ HTTP/1.1" 404 2258
WARNING 2024-03-27 18:58:24,163 base 152 Not Found: /
WARNING 2024-03-27 18:58:24,188 basehttp 124 "GET / HTTP/1.1" 404 2093
WARNING 2024-03-27 18:58:24,672 base 152 Not Found: /favicon.ico
WARNING 2024-03-27 18:58:24,678 basehttp 124 "GET /favicon.ico HTTP/1.1" 404 2144
WARNING 2024-03-27 18:59:59,348 base 152 Not Found: /
WARNING 2024-03-27 18:59:59,350 basehttp 124 "GET / HTTP/1.1" 404 2093
INFO 2024-03-27 19:00:02,568 basehttp 124 "GET /register/ HTTP/1.1" 200 4490
INFO 2024-03-27 19:00:02,831 basehttp 124 "GET /static/images/logo.png HTTP/1.1" 200 7696
WARNING 2024-03-27 19:00:02,921 base 152 Not Found: /image_codes/eac8482d-937c-4a68-afd0-03bdb716dc0c/
WARNING 2024-03-27 19:00:02,921 basehttp 124 "GET /image_codes/eac8482d-937c-4a68-afd0-03bdb716dc0c/ HTTP/1.1" 404 2258
WARNING 2024-03-27 19:01:27,389 base 152 Not Found: /
WARNING 2024-03-27 19:01:27,392 basehttp 124 "GET / HTTP/1.1" 404 2093
INFO 2024-03-27 19:01:30,683 basehttp 124 "GET /register/ HTTP/1.1" 200 4489
INFO 2024-03-27 19:01:30,754 basehttp 124 "GET /static/css/reset.css HTTP/1.1" 200 638
INFO 2024-03-27 19:01:30,754 basehttp 124 "GET /static/css/main.css HTTP/1.1" 200 8192
INFO 2024-03-27 19:01:30,757 basehttp 124 "GET /static/js/host.js HTTP/1.1" 200 80
WARNING 2024-03-27 19:01:30,757 basehttp 124 "GET /static/js/registe.js HTTP/1.1" 404 1652
INFO 2024-03-27 19:01:30,759 basehttp 124 "GET /static/images/logo.png HTTP/1.1" 200 7696
INFO 2024-03-27 19:01:30,798 basehttp 124 "GET /static/images/register_banner.png HTTP/1.1" 200 54894
WARNING 2024-03-27 19:01:30,799 basehttp 124 "GET /static/js/registe.js HTTP/1.1" 404 1652
INFO 2024-03-27 19:01:30,799 basehttp 124 "GET /static/images/interval_line.png HTTP/1.1" 200 1123
INFO 2024-03-27 19:01:30,800 basehttp 124 "GET /static/images/icons02.png HTTP/1.1" 200 3935
WARNING 2024-03-27 19:01:30,853 base 152 Not Found: /favicon.ico
WARNING 2024-03-27 19:01:30,854 basehttp 124 "GET /favicon.ico HTTP/1.1" 404 2144
INFO 2024-03-27 19:01:51,672 basehttp 124 "GET /register/ HTTP/1.1" 200 4490
WARNING 2024-03-27 19:01:51,799 base 152 Not Found: /image_codes/37af39a1-fb98-4709-8119-ccc28c9deeeb/
WARNING 2024-03-27 19:01:51,800 basehttp 124 "GET /image_codes/37af39a1-fb98-4709-8119-ccc28c9deeeb/ HTTP/1.1" 404 2258
WARNING 2024-03-27 19:01:51,838 base 152 Not Found: /favicon.ico
WARNING 2024-03-27 19:01:51,839 basehttp 124 "GET /favicon.ico HTTP/1.1" 404 2144
INFO 2024-03-27 19:36:24,654 basehttp 124 "GET /usernames/wangyutao/count/ HTTP/1.1" 200 41
WARNING 2024-03-27 19:38:04,335 base 152 Not Found: /
WARNING 2024-03-27 19:38:04,347 basehttp 124 "GET / HTTP/1.1" 404 2322
WARNING 2024-03-27 19:51:43,849 base 152 Not Found: /
WARNING 2024-03-27 19:51:43,854 basehttp 124 "GET / HTTP/1.1" 404 2322
WARNING 2024-03-27 19:56:52,261 base 152 Not Found: /
WARNING 2024-03-27 19:56:52,264 basehttp 124 "GET / HTTP/1.1" 404 2322
WARNING 2024-03-27 20:08:29,509 base 152 Not Found: /
WARNING 2024-03-27 20:08:29,514 basehttp 124 "GET / HTTP/1.1" 404 2322
WARNING 2024-03-27 20:09:16,030 base 152 Not Found: /
WARNING 2024-03-27 20:09:16,032 basehttp 124 "GET / HTTP/1.1" 404 2322
WARNING 2024-03-27 20:09:16,041 base 152 Not Found: /
WARNING 2024-03-27 20:09:16,044 basehttp 124 "GET / HTTP/1.1" 404 2322
WARNING 2024-03-27 20:09:16,771 base 152 Not Found: /favicon.ico
WARNING 2024-03-27 20:09:16,778 basehttp 124 "GET /favicon.ico HTTP/1.1" 404 2373
INFO 2024-03-27 20:19:33,853 basehttp 124 "GET /register/ HTTP/1.1" 200 4490
INFO 2024-03-27 20:19:33,893 basehttp 124 "GET /static/css/reset.css HTTP/1.1" 200 638
INFO 2024-03-27 20:19:33,895 basehttp 124 "GET /static/js/host.js HTTP/1.1" 200 80
INFO 2024-03-27 20:19:33,895 basehttp 124 "GET /static/images/logo.png HTTP/1.1" 200 7696
WARNING 2024-03-27 20:19:33,956 base 152 Not Found: /image_codes/948e96e3-2a6e-4037-8278-e0f28e0ca01c/
WARNING 2024-03-27 20:19:33,956 basehttp 124 "GET /image_codes/948e96e3-2a6e-4037-8278-e0f28e0ca01c/ HTTP/1.1" 404 2702
INFO 2024-03-27 20:19:33,959 basehttp 124 "GET /static/images/register_banner.png HTTP/1.1" 200 8192
INFO 2024-03-27 20:19:33,964 basehttp 124 "GET /static/images/interval_line.png HTTP/1.1" 200 1123
INFO 2024-03-27 20:19:33,965 basehttp 124 "GET /static/images/icons02.png HTTP/1.1" 200 3935
WARNING 2024-03-27 20:19:34,014 base 152 Not Found: /favicon.ico
WARNING 2024-03-27 20:19:34,015 basehttp 124 "GET /favicon.ico HTTP/1.1" 404 2588
INFO 2024-03-27 20:19:40,212 basehttp 124 "GET /mobiles/13612345678/count/ HTTP/1.1" 200 41
WARNING 2024-03-27 20:56:27,872 base 152 Not Found: /
WARNING 2024-03-27 20:56:27,873 basehttp 124 "GET / HTTP/1.1" 404 2742
WARNING 2024-03-27 21:05:37,471 base 152 Not Found: /
WARNING 2024-03-27 21:05:37,471 basehttp 124 "GET / HTTP/1.1" 404 2742
INFO 2024-03-27 21:07:11,355 basehttp 124 "GET /register/ HTTP/1.1" 200 4490
INFO 2024-03-27 21:07:11,408 basehttp 124 "GET /image_codes/0eaeca72-7045-4723-868b-8195b82b93b9/ HTTP/1.1" 200 3303
INFO 2024-03-27 21:07:12,596 basehttp 124 "GET /register/ HTTP/1.1" 200 4490
INFO 2024-03-27 21:07:12,647 basehttp 124 "GET /image_codes/74666b95-497d-45a8-9b02-4fdcb8ffee08/ HTTP/1.1" 200 2754
INFO 2024-03-27 21:07:15,020 basehttp 124 "GET /register/ HTTP/1.1" 200 4490
INFO 2024-03-27 21:07:15,069 basehttp 124 "GET /image_codes/9f84d47c-d071-4558-9bf2-9f24bbb6227d/ HTTP/1.1" 200 3047
INFO 2024-03-27 21:07:15,757 basehttp 124 "GET /register/ HTTP/1.1" 200 4490
INFO 2024-03-27 21:07:15,800 basehttp 124 "GET /image_codes/8272807b-07ef-474d-8972-bbbe9ffd75b5/ HTTP/1.1" 200 2906
INFO 2024-03-27 21:07:16,450 basehttp 124 "GET /register/ HTTP/1.1" 200 4490
INFO 2024-03-27 21:07:16,495 basehttp 124 "GET /image_codes/06ea07ce-10c0-461e-be29-3c51f1b69351/ HTTP/1.1" 200 3197
INFO 2024-03-27 21:07:21,677 basehttp 124 "GET /image_codes/c194bd80-e25d-40e1-a40f-0d937c68dbf0/ HTTP/1.1" 200 3380
INFO 2024-03-27 21:07:22,495 basehttp 124 "GET /image_codes/b012c2ba-963e-47e3-94dc-d8db42c3a360/ HTTP/1.1" 200 3382
INFO 2024-03-27 21:07:23,191 basehttp 124 "GET /image_codes/f114dc78-043f-44cb-8233-122690271f9b/ HTTP/1.1" 200 2803
INFO 2024-03-27 21:07:25,175 basehttp 124 "GET /image_codes/87b83a47-5f52-478b-82d6-24651f935637/ HTTP/1.1" 200 3510
INFO 2024-03-27 21:07:51,979 basehttp 124 "GET /usernames/wywywywy/count/ HTTP/1.1" 200 41
INFO 2024-03-27 21:08:48,494 basehttp 124 "GET /register/ HTTP/1.1" 200 4497
INFO 2024-03-27 21:08:48,539 basehttp 124 "GET /image_codes/9caf7818-8e0c-4306-91e5-b518d57e4903/ HTTP/1.1" 200 3571
INFO 2024-03-27 21:10:01,326 basehttp 124 "GET /register/ HTTP/1.1" 200 4493
INFO 2024-03-27 21:10:01,366 basehttp 124 "GET /image_codes/156eddff-8ce2-46a8-b5fd-b1dcf3c54f60/ HTTP/1.1" 200 3199
INFO 2024-03-27 21:10:23,682 basehttp 124 "GET /register/ HTTP/1.1" 200 4498
INFO 2024-03-27 21:10:23,727 basehttp 124 "GET /image_codes/7971c45b-f897-462e-8a1f-4833e33ed477/ HTTP/1.1" 200 3442
INFO 2024-03-27 21:10:36,118 basehttp 124 "GET /image_codes/9bf33a1d-9d75-422a-950f-9a19e68c4976/ HTTP/1.1" 200 3334
INFO 2024-03-27 21:10:36,711 basehttp 124 "GET /image_codes/d8af4cd1-baa9-4ef5-b4e1-9a427ebaf831/ HTTP/1.1" 200 3095
INFO 2024-03-27 21:10:36,915 basehttp 124 "GET /image_codes/32a4542e-c73c-4422-8c0a-2c2b7c9981d3/ HTTP/1.1" 200 2794
INFO 2024-03-27 21:10:37,091 basehttp 124 "GET /image_codes/eca97d42-d19e-4f35-96c2-614fcdb47578/ HTTP/1.1" 200 3033
INFO 2024-03-27 21:10:37,294 basehttp 124 "GET /image_codes/6f45f3bd-40b1-444f-8d25-699c6505ff64/ HTTP/1.1" 200 3394
INFO 2024-03-27 21:10:37,490 basehttp 124 "GET /image_codes/db8d65b2-dcb1-4621-85f5-f49d43922f6b/ HTTP/1.1" 200 3176
INFO 2024-03-27 21:10:37,699 basehttp 124 "GET /image_codes/0d16b572-59d5-4330-99f0-d9f8832ee7fd/ HTTP/1.1" 200 3701
INFO 2024-03-27 21:10:37,866 basehttp 124 "GET /image_codes/b71dc927-952b-4f2e-8f03-e548cda8ada9/ HTTP/1.1" 200 3595
INFO 2024-03-27 21:10:38,041 basehttp 124 "GET /image_codes/dcf27592-341f-4360-99ae-9023c2591782/ HTTP/1.1" 200 3232
INFO 2024-03-27 21:10:38,258 basehttp 124 "GET /image_codes/66866129-7f73-4eea-8453-fce4394be3e6/ HTTP/1.1" 200 3116
INFO 2024-03-27 21:10:45,604 basehttp 124 "GET /usernames/wywywywy/count/ HTTP/1.1" 200 41
WARNING 2024-03-27 21:10:54,276 base 152 Not Found: /login/
WARNING 2024-03-27 21:10:54,276 basehttp 124 "GET /login/ HTTP/1.1" 404 2778
WARNING 2024-03-28 08:42:23,926 base 152 Not Found: /
WARNING 2024-03-28 08:42:23,927 basehttp 124 "GET / HTTP/1.1" 404 2742
INFO 2024-03-28 08:42:27,957 basehttp 124 "GET /register/ HTTP/1.1" 200 4498
INFO 2024-03-28 08:42:28,015 basehttp 124 "GET /image_codes/15a8b94e-5cc4-4545-85a4-f03de6df03fa/ HTTP/1.1" 200 3201
INFO 2024-03-28 08:42:30,472 basehttp 124 "GET /image_codes/24991fef-96a0-4d56-bbfc-72dfa9bfbe60/ HTTP/1.1" 200 3057
WARNING 2024-03-28 08:44:28,384 base 152 Not Found: /
WARNING 2024-03-28 08:44:28,384 basehttp 124 "GET / HTTP/1.1" 404 2742
INFO 2024-03-28 08:44:32,325 basehttp 124 "GET /register/ HTTP/1.1" 200 4498
INFO 2024-03-28 08:44:32,363 basehttp 124 "GET /static/images/logo.png HTTP/1.1" 200 7696
INFO 2024-03-28 08:44:32,364 basehttp 124 "GET /static/css/main.css HTTP/1.1" 200 8192
INFO 2024-03-28 08:44:32,398 basehttp 124 "GET /static/images/icons02.png HTTP/1.1" 200 3935
INFO 2024-03-28 08:44:32,399 basehttp 124 "GET /static/images/register_banner.png HTTP/1.1" 200 8192
INFO 2024-03-28 08:44:32,401 basehttp 124 "GET /image_codes/83a14541-7a36-430e-b3fb-53725f8daa98/ HTTP/1.1" 200 3545
INFO 2024-03-28 08:59:29,510 basehttp 124 "GET /register/ HTTP/1.1" 200 4486
INFO 2024-03-28 08:59:29,534 basehttp 124 "GET /static/css/reset.css HTTP/1.1" 304 0
INFO 2024-03-28 08:59:29,536 basehttp 124 "GET /static/css/main.css HTTP/1.1" 304 0
INFO 2024-03-28 08:59:29,540 basehttp 124 "GET /static/js/host.js HTTP/1.1" 304 0
INFO 2024-03-28 08:59:29,541 basehttp 124 "GET /static/js/vue-2.5.16.js HTTP/1.1" 304 0
INFO 2024-03-28 08:59:29,542 basehttp 124 "GET /static/js/axios-0.18.0.min.js HTTP/1.1" 304 0
INFO 2024-03-28 08:59:29,548 basehttp 124 "GET /static/js/register.js HTTP/1.1" 200 9786
INFO 2024-03-28 08:59:29,555 basehttp 124 "GET /static/images/interval_line.png HTTP/1.1" 304 0
INFO 2024-03-28 08:59:29,555 basehttp 124 "GET /static/images/register_banner.png HTTP/1.1" 304 0
INFO 2024-03-28 08:59:29,556 basehttp 124 "GET /static/images/icons02.png HTTP/1.1" 304 0
INFO 2024-03-28 08:59:29,576 basehttp 124 "GET /image_codes/263320f3-4d83-4ae6-946c-1688b61cacb2/ HTTP/1.1" 200 2844
INFO 2024-03-28 08:59:34,411 basehttp 124 "GET /register/ HTTP/1.1" 200 4486
INFO 2024-03-28 08:59:34,457 basehttp 124 "GET /image_codes/fede1a9a-a1b1-4206-b8b0-c34faa297e11/ HTTP/1.1" 200 3632
INFO 2024-03-28 08:59:35,414 basehttp 124 "GET /register/ HTTP/1.1" 200 4486
INFO 2024-03-28 08:59:35,458 basehttp 124 "GET /image_codes/ed14910d-a6b7-4768-8c7d-aac78af1cab8/ HTTP/1.1" 200 3102
INFO 2024-03-28 09:00:16,454 basehttp 124 "GET /register/ HTTP/1.1" 200 4486
INFO 2024-03-28 09:00:16,513 basehttp 124 "GET /static/css/main.css HTTP/1.1" 200 8192
INFO 2024-03-28 09:00:16,513 basehttp 124 "GET /static/css/reset.css HTTP/1.1" 200 638
INFO 2024-03-28 09:00:16,516 basehttp 124 "GET /static/images/logo.png HTTP/1.1" 200 5431
INFO 2024-03-28 09:00:16,516 basehttp 124 "GET /static/js/register.js HTTP/1.1" 200 9786
INFO 2024-03-28 09:00:16,554 basehttp 124 "GET /static/images/interval_line.png HTTP/1.1" 200 1123
INFO 2024-03-28 09:00:16,556 basehttp 124 "GET /image_codes/bcf717cf-d464-4929-905e-8b762e6310ca/ HTTP/1.1" 200 3068
INFO 2024-03-28 09:00:16,557 basehttp 124 "GET /static/images/icons02.png HTTP/1.1" 200 3935
WARNING 2024-03-28 09:00:16,586 base 152 Not Found: /favicon.ico
WARNING 2024-03-28 09:00:16,586 basehttp 124 "GET /favicon.ico HTTP/1.1" 404 2793
WARNING 2024-03-28 09:01:28,994 base 152 Not Found: /
WARNING 2024-03-28 09:01:28,994 basehttp 124 "GET / HTTP/1.1" 404 2742
WARNING 2024-03-28 09:01:53,238 base 152 Not Found: /
WARNING 2024-03-28 09:01:53,239 basehttp 124 "GET / HTTP/1.1" 404 2742
WARNING 2024-03-28 09:01:53,430 base 152 Not Found: /favicon.ico
WARNING 2024-03-28 09:01:53,431 basehttp 124 "GET /favicon.ico HTTP/1.1" 404 2793
INFO 2024-03-28 09:01:56,520 basehttp 124 "GET /register/ HTTP/1.1" 200 4486
INFO 2024-03-28 09:01:56,548 basehttp 124 "GET /static/css/reset.css HTTP/1.1" 200 638
INFO 2024-03-28 09:01:56,549 basehttp 124 "GET /static/js/host.js HTTP/1.1" 200 80
INFO 2024-03-28 09:01:56,553 basehttp 124 "GET /static/css/main.css HTTP/1.1" 200 39722
INFO 2024-03-28 09:01:56,558 basehttp 124 "GET /static/js/vue-2.5.16.js HTTP/1.1" 200 289307
INFO 2024-03-28 09:01:56,560 basehttp 124 "GET /static/js/axios-0.18.0.min.js HTTP/1.1" 200 12941
INFO 2024-03-28 09:01:56,563 basehttp 124 "GET /static/js/register.js HTTP/1.1" 200 9786
INFO 2024-03-28 09:01:56,565 basehttp 124 "GET /static/images/logo.png HTTP/1.1" 200 5431
INFO 2024-03-28 09:01:56,594 basehttp 124 "GET /static/images/interval_line.png HTTP/1.1" 200 1123
INFO 2024-03-28 09:01:56,598 basehttp 124 "GET /static/images/icons02.png HTTP/1.1" 200 3935
INFO 2024-03-28 09:01:56,601 basehttp 124 "GET /static/images/register_banner.png HTTP/1.1" 200 54894
INFO 2024-03-28 09:01:56,602 basehttp 124 "GET /image_codes/9250e826-3908-4a1b-8068-8e59e4370744/ HTTP/1.1" 200 3325
WARNING 2024-03-28 10:20:53,870 base 152 Not Found: /
WARNING 2024-03-28 10:20:53,871 basehttp 124 "GET / HTTP/1.1" 404 2949
INFO 2024-03-28 10:20:57,539 basehttp 124 "GET /register/ HTTP/1.1" 200 4486
INFO 2024-03-28 10:20:57,567 basehttp 124 "GET /static/css/main.css HTTP/1.1" 200 8192
INFO 2024-03-28 10:20:57,568 basehttp 124 "GET /static/css/reset.css HTTP/1.1" 200 638
INFO 2024-03-28 10:20:57,612 basehttp 124 "GET /image_codes/57aba656-40d3-4759-a6ce-d4476b6221dc/ HTTP/1.1" 200 3503
INFO 2024-03-28 10:21:18,229 basehttp 124 "GET /usernames/testtest/count/ HTTP/1.1" 200 41
INFO 2024-03-28 10:21:32,122 basehttp 124 "GET /mobiles/13699109260/count/ HTTP/1.1" 200 41
WARNING 2024-03-28 10:21:38,517 base 152 Not Found: /sms_codes/13699109260/
WARNING 2024-03-28 10:21:38,518 basehttp 124 "GET /sms_codes/13699109260/?image_code=NZUE&image_code_id=57aba656-40d3-4759-a6ce-d4476b6221dc HTTP/1.1" 404 3104
INFO 2024-03-28 10:21:38,520 basehttp 124 "GET /mobiles/13699109260/count/ HTTP/1.1" 200 41
WARNING 2024-03-28 10:21:43,206 base 152 Not Found: /sms_codes/13699109260/
WARNING 2024-03-28 10:21:43,207 basehttp 124 "GET /sms_codes/13699109260/?image_code=NZUE&image_code_id=57aba656-40d3-4759-a6ce-d4476b6221dc HTTP/1.1" 404 3104
INFO 2024-03-28 10:21:43,210 basehttp 124 "GET /mobiles/13699109260/count/ HTTP/1.1" 200 41
WARNING 2024-03-28 10:23:05,095 base 152 Not Found: /sms_codes/13699109260/
WARNING 2024-03-28 10:23:05,096 basehttp 124 "GET /sms_codes/13699109260/?image_code=NZUE&image_code_id=57aba656-40d3-4759-a6ce-d4476b6221dc HTTP/1.1" 404 3104
INFO 2024-03-28 10:23:05,099 basehttp 124 "GET /mobiles/13699109260/count/ HTTP/1.1" 200 41
WARNING 2024-03-28 10:23:05,686 base 152 Not Found: /sms_codes/13699109260/
WARNING 2024-03-28 10:23:05,687 basehttp 124 "GET /sms_codes/13699109260/?image_code=NZUE&image_code_id=57aba656-40d3-4759-a6ce-d4476b6221dc HTTP/1.1" 404 3104
INFO 2024-03-28 10:23:05,692 basehttp 124 "GET /mobiles/13699109260/count/ HTTP/1.1" 200 41
WARNING 2024-03-28 10:23:05,848 base 152 Not Found: /sms_codes/13699109260/
WARNING 2024-03-28 10:23:05,849 basehttp 124 "GET /sms_codes/13699109260/?image_code=NZUE&image_code_id=57aba656-40d3-4759-a6ce-d4476b6221dc HTTP/1.1" 404 3104
INFO 2024-03-28 10:23:05,852 basehttp 124 "GET /mobiles/13699109260/count/ HTTP/1.1" 200 41
WARNING 2024-03-28 10:23:06,009 base 152 Not Found: /sms_codes/13699109260/
WARNING 2024-03-28 10:23:06,010 basehttp 124 "GET /sms_codes/13699109260/?image_code=NZUE&image_code_id=57aba656-40d3-4759-a6ce-d4476b6221dc HTTP/1.1" 404 3104
INFO 2024-03-28 10:23:06,013 basehttp 124 "GET /mobiles/13699109260/count/ HTTP/1.1" 200 41
WARNING 2024-03-28 10:23:06,176 base 152 Not Found: /sms_codes/13699109260/
WARNING 2024-03-28 10:23:06,176 basehttp 124 "GET /sms_codes/13699109260/?image_code=NZUE&image_code_id=57aba656-40d3-4759-a6ce-d4476b6221dc HTTP/1.1" 404 3104
INFO 2024-03-28 10:23:06,179 basehttp 124 "GET /mobiles/13699109260/count/ HTTP/1.1" 200 41
WARNING 2024-03-28 10:23:06,337 base 152 Not Found: /sms_codes/13699109260/
WARNING 2024-03-28 10:23:06,339 basehttp 124 "GET /sms_codes/13699109260/?image_code=NZUE&image_code_id=57aba656-40d3-4759-a6ce-d4476b6221dc HTTP/1.1" 404 3104
INFO 2024-03-28 10:23:06,340 basehttp 124 "GET /mobiles/13699109260/count/ HTTP/1.1" 200 41
WARNING 2024-03-28 10:23:06,505 base 152 Not Found: /sms_codes/13699109260/
WARNING 2024-03-28 10:23:06,506 basehttp 124 "GET /sms_codes/13699109260/?image_code=NZUE&image_code_id=57aba656-40d3-4759-a6ce-d4476b6221dc HTTP/1.1" 404 3104
INFO 2024-03-28 10:23:06,508 basehttp 124 "GET /mobiles/13699109260/count/ HTTP/1.1" 200 41
WARNING 2024-03-28 10:23:06,666 base 152 Not Found: /sms_codes/13699109260/
WARNING 2024-03-28 10:23:06,667 basehttp 124 "GET /sms_codes/13699109260/?image_code=NZUE&image_code_id=57aba656-40d3-4759-a6ce-d4476b6221dc HTTP/1.1" 404 3104
INFO 2024-03-28 10:23:06,670 basehttp 124 "GET /mobiles/13699109260/count/ HTTP/1.1" 200 41
WARNING 2024-03-28 10:23:06,827 base 152 Not Found: /sms_codes/13699109260/
WARNING 2024-03-28 10:23:06,828 basehttp 124 "GET /sms_codes/13699109260/?image_code=NZUE&image_code_id=57aba656-40d3-4759-a6ce-d4476b6221dc HTTP/1.1" 404 3104
INFO 2024-03-28 10:23:06,830 basehttp 124 "GET /mobiles/13699109260/count/ HTTP/1.1" 200 41
WARNING 2024-03-28 10:23:06,987 base 152 Not Found: /sms_codes/13699109260/
WARNING 2024-03-28 10:23:06,988 basehttp 124 "GET /sms_codes/13699109260/?image_code=NZUE&image_code_id=57aba656-40d3-4759-a6ce-d4476b6221dc HTTP/1.1" 404 3104
INFO 2024-03-28 10:23:06,992 basehttp 124 "GET /mobiles/13699109260/count/ HTTP/1.1" 200 41
WARNING 2024-03-28 10:23:07,163 base 152 Not Found: /sms_codes/13699109260/
WARNING 2024-03-28 10:23:07,164 basehttp 124 "GET /sms_codes/13699109260/?image_code=NZUE&image_code_id=57aba656-40d3-4759-a6ce-d4476b6221dc HTTP/1.1" 404 3104
INFO 2024-03-28 10:23:07,166 basehttp 124 "GET /mobiles/13699109260/count/ HTTP/1.1" 200 41
WARNING 2024-03-28 10:23:07,332 base 152 Not Found: /sms_codes/13699109260/
WARNING 2024-03-28 10:23:07,333 basehttp 124 "GET /sms_codes/13699109260/?image_code=NZUE&image_code_id=57aba656-40d3-4759-a6ce-d4476b6221dc HTTP/1.1" 404 3104
INFO 2024-03-28 10:23:07,336 basehttp 124 "GET /mobiles/13699109260/count/ HTTP/1.1" 200 41
WARNING 2024-03-28 10:23:07,506 base 152 Not Found: /sms_codes/13699109260/
WARNING 2024-03-28 10:23:07,507 basehttp 124 "GET /sms_codes/13699109260/?image_code=NZUE&image_code_id=57aba656-40d3-4759-a6ce-d4476b6221dc HTTP/1.1" 404 3104
INFO 2024-03-28 10:23:07,510 basehttp 124 "GET /mobiles/13699109260/count/ HTTP/1.1" 200 41
WARNING 2024-03-28 10:23:07,668 base 152 Not Found: /sms_codes/13699109260/
WARNING 2024-03-28 10:23:07,668 basehttp 124 "GET /sms_codes/13699109260/?image_code=NZUE&image_code_id=57aba656-40d3-4759-a6ce-d4476b6221dc HTTP/1.1" 404 3104
INFO 2024-03-28 10:23:07,670 basehttp 124 "GET /mobiles/13699109260/count/ HTTP/1.1" 200 41
WARNING 2024-03-28 10:23:07,843 base 152 Not Found: /sms_codes/13699109260/
WARNING 2024-03-28 10:23:07,844 basehttp 124 "GET /sms_codes/13699109260/?image_code=NZUE&image_code_id=57aba656-40d3-4759-a6ce-d4476b6221dc HTTP/1.1" 404 3104
INFO 2024-03-28 10:23:07,846 basehttp 124 "GET /mobiles/13699109260/count/ HTTP/1.1" 200 41
WARNING 2024-03-28 10:23:08,004 base 152 Not Found: /sms_codes/13699109260/
WARNING 2024-03-28 10:23:08,005 basehttp 124 "GET /sms_codes/13699109260/?image_code=NZUE&image_code_id=57aba656-40d3-4759-a6ce-d4476b6221dc HTTP/1.1" 404 3104
INFO 2024-03-28 10:23:08,007 basehttp 124 "GET /mobiles/13699109260/count/ HTTP/1.1" 200 41
WARNING 2024-03-28 10:23:08,187 base 152 Not Found: /sms_codes/13699109260/
WARNING 2024-03-28 10:23:08,187 basehttp 124 "GET /sms_codes/13699109260/?image_code=NZUE&image_code_id=57aba656-40d3-4759-a6ce-d4476b6221dc HTTP/1.1" 404 3104
INFO 2024-03-28 10:23:08,189 basehttp 124 "GET /mobiles/13699109260/count/ HTTP/1.1" 200 41
WARNING 2024-03-28 10:23:08,407 base 152 Not Found: /sms_codes/13699109260/
WARNING 2024-03-28 10:23:08,408 basehttp 124 "GET /sms_codes/13699109260/?image_code=NZUE&image_code_id=57aba656-40d3-4759-a6ce-d4476b6221dc HTTP/1.1" 404 3104
INFO 2024-03-28 10:23:08,410 basehttp 124 "GET /mobiles/13699109260/count/ HTTP/1.1" 200 41
WARNING 2024-03-28 10:23:09,560 base 152 Not Found: /sms_codes/13699109260/
WARNING 2024-03-28 10:23:09,561 basehttp 124 "GET /sms_codes/13699109260/?image_code=NZUE&image_code_id=57aba656-40d3-4759-a6ce-d4476b6221dc HTTP/1.1" 404 3104
INFO 2024-03-28 10:23:09,563 basehttp 124 "GET /mobiles/13699109260/count/ HTTP/1.1" 200 41
WARNING 2024-03-28 10:23:09,728 base 152 Not Found: /sms_codes/13699109260/
WARNING 2024-03-28 10:23:09,729 basehttp 124 "GET /sms_codes/13699109260/?image_code=NZUE&image_code_id=57aba656-40d3-4759-a6ce-d4476b6221dc HTTP/1.1" 404 3104
INFO 2024-03-28 10:23:09,731 basehttp 124 "GET /mobiles/13699109260/count/ HTTP/1.1" 200 41
WARNING 2024-03-28 10:23:09,903 base 152 Not Found: /sms_codes/13699109260/
WARNING 2024-03-28 10:23:09,904 basehttp 124 "GET /sms_codes/13699109260/?image_code=NZUE&image_code_id=57aba656-40d3-4759-a6ce-d4476b6221dc HTTP/1.1" 404 3104
INFO 2024-03-28 10:23:09,906 basehttp 124 "GET /mobiles/13699109260/count/ HTTP/1.1" 200 41
WARNING 2024-03-28 10:23:10,122 base 152 Not Found: /sms_codes/13699109260/
WARNING 2024-03-28 10:23:10,123 basehttp 124 "GET /sms_codes/13699109260/?image_code=NZUE&image_code_id=57aba656-40d3-4759-a6ce-d4476b6221dc HTTP/1.1" 404 3104
INFO 2024-03-28 10:23:10,128 basehttp 124 "GET /mobiles/13699109260/count/ HTTP/1.1" 200 41
WARNING 2024-03-28 10:23:10,996 base 152 Not Found: /sms_codes/13699109260/
WARNING 2024-03-28 10:23:10,998 basehttp 124 "GET /sms_codes/13699109260/?image_code=NZUE&image_code_id=57aba656-40d3-4759-a6ce-d4476b6221dc HTTP/1.1" 404 3104
INFO 2024-03-28 10:23:11,000 basehttp 124 "GET /mobiles/13699109260/count/ HTTP/1.1" 200 41
WARNING 2024-03-28 10:23:11,157 base 152 Not Found: /sms_codes/13699109260/
WARNING 2024-03-28 10:23:11,158 basehttp 124 "GET /sms_codes/13699109260/?image_code=NZUE&image_code_id=57aba656-40d3-4759-a6ce-d4476b6221dc HTTP/1.1" 404 3104
INFO 2024-03-28 10:23:11,160 basehttp 124 "GET /mobiles/13699109260/count/ HTTP/1.1" 200 41
WARNING 2024-03-28 10:23:11,325 base 152 Not Found: /sms_codes/13699109260/
WARNING 2024-03-28 10:23:11,326 basehttp 124 "GET /sms_codes/13699109260/?image_code=NZUE&image_code_id=57aba656-40d3-4759-a6ce-d4476b6221dc HTTP/1.1" 404 3104
INFO 2024-03-28 10:23:11,328 basehttp 124 "GET /mobiles/13699109260/count/ HTTP/1.1" 200 41
WARNING 2024-03-28 10:23:11,500 base 152 Not Found: /sms_codes/13699109260/
WARNING 2024-03-28 10:23:11,501 basehttp 124 "GET /sms_codes/13699109260/?image_code=NZUE&image_code_id=57aba656-40d3-4759-a6ce-d4476b6221dc HTTP/1.1" 404 3104
INFO 2024-03-28 10:23:11,503 basehttp 124 "GET /mobiles/13699109260/count/ HTTP/1.1" 200 41
WARNING 2024-03-28 10:23:11,669 base 152 Not Found: /sms_codes/13699109260/
INFO 2024-03-28 10:23:11,671 basehttp 124 "GET /mobiles/13699109260/count/ HTTP/1.1" 200 41
WARNING 2024-03-28 10:23:11,672 basehttp 124 "GET /sms_codes/13699109260/?image_code=NZUE&image_code_id=57aba656-40d3-4759-a6ce-d4476b6221dc HTTP/1.1" 404 3104
WARNING 2024-03-28 10:23:11,837 base 152 Not Found: /sms_codes/13699109260/
WARNING 2024-03-28 10:23:11,837 basehttp 124 "GET /sms_codes/13699109260/?image_code=NZUE&image_code_id=57aba656-40d3-4759-a6ce-d4476b6221dc HTTP/1.1" 404 3104
INFO 2024-03-28 10:23:11,840 basehttp 124 "GET /mobiles/13699109260/count/ HTTP/1.1" 200 41
WARNING 2024-03-28 10:23:12,012 base 152 Not Found: /sms_codes/13699109260/
WARNING 2024-03-28 10:23:12,013 basehttp 124 "GET /sms_codes/13699109260/?image_code=NZUE&image_code_id=57aba656-40d3-4759-a6ce-d4476b6221dc HTTP/1.1" 404 3104
INFO 2024-03-28 10:23:12,015 basehttp 124 "GET /mobiles/13699109260/count/ HTTP/1.1" 200 41
WARNING 2024-03-28 10:23:12,174 base 152 Not Found: /sms_codes/13699109260/
WARNING 2024-03-28 10:23:12,174 basehttp 124 "GET /sms_codes/13699109260/?image_code=NZUE&image_code_id=57aba656-40d3-4759-a6ce-d4476b6221dc HTTP/1.1" 404 3104
INFO 2024-03-28 10:23:12,177 basehttp 124 "GET /mobiles/13699109260/count/ HTTP/1.1" 200 41
WARNING 2024-03-28 10:23:12,349 base 152 Not Found: /sms_codes/13699109260/
WARNING 2024-03-28 10:23:12,349 basehttp 124 "GET /sms_codes/13699109260/?image_code=NZUE&image_code_id=57aba656-40d3-4759-a6ce-d4476b6221dc HTTP/1.1" 404 3104
INFO 2024-03-28 10:23:12,352 basehttp 124 "GET /mobiles/13699109260/count/ HTTP/1.1" 200 41
WARNING 2024-03-28 10:23:12,525 base 152 Not Found: /sms_codes/13699109260/
WARNING 2024-03-28 10:23:12,525 basehttp 124 "GET /sms_codes/13699109260/?image_code=NZUE&image_code_id=57aba656-40d3-4759-a6ce-d4476b6221dc HTTP/1.1" 404 3104
INFO 2024-03-28 10:23:12,528 basehttp 124 "GET /mobiles/13699109260/count/ HTTP/1.1" 200 41
WARNING 2024-03-28 10:23:12,740 base 152 Not Found: /sms_codes/13699109260/
WARNING 2024-03-28 10:23:12,740 basehttp 124 "GET /sms_codes/13699109260/?image_code=NZUE&image_code_id=57aba656-40d3-4759-a6ce-d4476b6221dc HTTP/1.1" 404 3104
INFO 2024-03-28 10:23:12,743 basehttp 124 "GET /mobiles/13699109260/count/ HTTP/1.1" 200 41
WARNING 2024-03-28 10:23:13,420 base 152 Not Found: /sms_codes/13699109260/
WARNING 2024-03-28 10:23:13,420 basehttp 124 "GET /sms_codes/13699109260/?image_code=NZUE&image_code_id=57aba656-40d3-4759-a6ce-d4476b6221dc HTTP/1.1" 404 3104
INFO 2024-03-28 10:23:13,423 basehttp 124 "GET /mobiles/13699109260/count/ HTTP/1.1" 200 41
WARNING 2024-03-28 10:23:30,803 base 152 Not Found: /sms_codes/13699109260/
WARNING 2024-03-28 10:23:30,806 basehttp 124 "GET /sms_codes/13699109260/?image_code=NZUE&image_code_id=57aba656-40d3-4759-a6ce-d4476b6221dc HTTP/1.1" 404 3104
INFO 2024-03-28 10:23:30,807 basehttp 124 "GET /mobiles/13699109260/count/ HTTP/1.1" 200 41
WARNING 2024-03-28 10:23:32,155 base 152 Not Found: /sms_codes/13699109260/
WARNING 2024-03-28 10:23:32,155 basehttp 124 "GET /sms_codes/13699109260/?image_code=NZUE&image_code_id=57aba656-40d3-4759-a6ce-d4476b6221dc HTTP/1.1" 404 3104
INFO 2024-03-28 10:23:32,158 basehttp 124 "GET /mobiles/13699109260/count/ HTTP/1.1" 200 41
WARNING 2024-03-28 10:25:11,872 base 152 Not Found: /
WARNING 2024-03-28 10:25:11,876 basehttp 124 "GET / HTTP/1.1" 404 2949
INFO 2024-03-28 10:25:20,353 basehttp 124 "GET /usernames/testtest/count/ HTTP/1.1" 200 41
WARNING 2024-03-28 10:25:20,579 base 152 Not Found: /sms_codes/13699109260/
WARNING 2024-03-28 10:25:20,580 basehttp 124 "GET /sms_codes/13699109260/?image_code=NZUE&image_code_id=57aba656-40d3-4759-a6ce-d4476b6221dc HTTP/1.1" 404 3104
INFO 2024-03-28 10:25:20,585 basehttp 124 "GET /mobiles/13699109260/count/ HTTP/1.1" 200 41
WARNING 2024-03-28 10:25:22,316 base 152 Not Found: /sms_codes/13699109260/
WARNING 2024-03-28 10:25:22,317 basehttp 124 "GET /sms_codes/13699109260/?image_code=NZUE&image_code_id=57aba656-40d3-4759-a6ce-d4476b6221dc HTTP/1.1" 404 3104
INFO 2024-03-28 10:25:22,320 basehttp 124 "GET /mobiles/13699109260/count/ HTTP/1.1" 200 41
WARNING 2024-03-28 10:25:26,726 base 152 Not Found: /sms_codes/13699109260/
WARNING 2024-03-28 10:25:26,726 basehttp 124 "GET /sms_codes/13699109260/?image_code=NZUE&image_code_id=57aba656-40d3-4759-a6ce-d4476b6221dc HTTP/1.1" 404 3104
INFO 2024-03-28 10:25:26,731 basehttp 124 "GET /mobiles/13699109260/count/ HTTP/1.1" 200 41
WARNING 2024-03-28 10:25:27,411 base 152 Not Found: /sms_codes/13699109260/
WARNING 2024-03-28 10:25:27,412 basehttp 124 "GET /sms_codes/13699109260/?image_code=NZUE&image_code_id=57aba656-40d3-4759-a6ce-d4476b6221dc HTTP/1.1" 404 3104
INFO 2024-03-28 10:25:27,418 basehttp 124 "GET /mobiles/13699109260/count/ HTTP/1.1" 200 41
INFO 2024-03-28 10:25:30,115 basehttp 124 "GET /usernames/testtest/count/ HTTP/1.1" 200 41
INFO 2024-03-28 10:26:41,024 basehttp 124 "GET /register/ HTTP/1.1" 200 4486
INFO 2024-03-28 10:26:41,045 basehttp 124 "GET /static/js/register.js HTTP/1.1" 304 0
INFO 2024-03-28 10:26:41,060 basehttp 124 "GET /static/images/logo.png HTTP/1.1" 304 0
INFO 2024-03-28 10:26:41,086 basehttp 124 "GET /image_codes/a82208f2-b7b6-42a5-8171-f0bd692e3792/ HTTP/1.1" 200 3447
INFO 2024-03-28 10:26:50,969 basehttp 124 "GET /usernames/testtest/count/ HTTP/1.1" 200 41
INFO 2024-03-28 10:27:03,061 basehttp 124 "GET /mobiles/13699109260/count/ HTTP/1.1" 200 41
WARNING 2024-03-28 10:27:09,365 base 152 Not Found: /sms_codes/13699109260/
WARNING 2024-03-28 10:27:09,367 basehttp 124 "GET /sms_codes/13699109260/?image_code=38MR&image_code_id=a82208f2-b7b6-42a5-8171-f0bd692e3792 HTTP/1.1" 404 3104
INFO 2024-03-28 10:27:09,370 basehttp 124 "GET /mobiles/13699109260/count/ HTTP/1.1" 200 41
WARNING 2024-03-28 10:27:10,709 base 152 Not Found: /sms_codes/13699109260/
WARNING 2024-03-28 10:27:10,710 basehttp 124 "GET /sms_codes/13699109260/?image_code=38MR&image_code_id=a82208f2-b7b6-42a5-8171-f0bd692e3792 HTTP/1.1" 404 3104
INFO 2024-03-28 10:27:10,714 basehttp 124 "GET /mobiles/13699109260/count/ HTTP/1.1" 200 41
WARNING 2024-03-28 10:27:26,077 base 152 Not Found: /sms_codes/13699109260/
WARNING 2024-03-28 10:27:26,080 basehttp 124 "GET /sms_codes/13699109260/?image_code=38MR&image_code_id=a82208f2-b7b6-42a5-8171-f0bd692e3792 HTTP/1.1" 404 3104
INFO 2024-03-28 10:27:26,084 basehttp 124 "GET /mobiles/13699109260/count/ HTTP/1.1" 200 41
WARNING 2024-03-28 10:27:26,489 base 152 Not Found: /sms_codes/13699109260/
WARNING 2024-03-28 10:27:26,491 basehttp 124 "GET /sms_codes/13699109260/?image_code=38MR&image_code_id=a82208f2-b7b6-42a5-8171-f0bd692e3792 HTTP/1.1" 404 3104
INFO 2024-03-28 10:27:26,494 basehttp 124 "GET /mobiles/13699109260/count/ HTTP/1.1" 200 41
INFO 2024-03-28 10:27:27,499 basehttp 124 "GET /image_codes/27ad1e78-da2c-4577-9e5c-35cbec8912a9/ HTTP/1.1" 200 3208
WARNING 2024-03-28 10:27:37,041 base 152 Not Found: /sms_codes/13699109260/
WARNING 2024-03-28 10:27:37,043 basehttp 124 "GET /sms_codes/13699109260/?image_code=W9mf&image_code_id=27ad1e78-da2c-4577-9e5c-35cbec8912a9 HTTP/1.1" 404 3104
INFO 2024-03-28 10:27:37,046 basehttp 124 "GET /mobiles/13699109260/count/ HTTP/1.1" 200 41
WARNING 2024-03-28 10:27:37,306 base 152 Not Found: /sms_codes/13699109260/
WARNING 2024-03-28 10:27:37,307 basehttp 124 "GET /sms_codes/13699109260/?image_code=W9mf&image_code_id=27ad1e78-da2c-4577-9e5c-35cbec8912a9 HTTP/1.1" 404 3104
INFO 2024-03-28 10:27:37,311 basehttp 124 "GET /mobiles/13699109260/count/ HTTP/1.1" 200 41
WARNING 2024-03-28 10:27:37,509 base 152 Not Found: /sms_codes/13699109260/
WARNING 2024-03-28 10:27:37,512 basehttp 124 "GET /sms_codes/13699109260/?image_code=W9mf&image_code_id=27ad1e78-da2c-4577-9e5c-35cbec8912a9 HTTP/1.1" 404 3104
INFO 2024-03-28 10:27:37,514 basehttp 124 "GET /mobiles/13699109260/count/ HTTP/1.1" 200 41
WARNING 2024-03-28 10:27:37,705 base 152 Not Found: /sms_codes/13699109260/
WARNING 2024-03-28 10:27:37,706 basehttp 124 "GET /sms_codes/13699109260/?image_code=W9mf&image_code_id=27ad1e78-da2c-4577-9e5c-35cbec8912a9 HTTP/1.1" 404 3104
INFO 2024-03-28 10:27:37,710 basehttp 124 "GET /mobiles/13699109260/count/ HTTP/1.1" 200 41
WARNING 2024-03-28 10:27:37,972 base 152 Not Found: /sms_codes/13699109260/
WARNING 2024-03-28 10:27:37,974 basehttp 124 "GET /sms_codes/13699109260/?image_code=W9mf&image_code_id=27ad1e78-da2c-4577-9e5c-35cbec8912a9 HTTP/1.1" 404 3104
INFO 2024-03-28 10:27:37,978 basehttp 124 "GET /mobiles/13699109260/count/ HTTP/1.1" 200 41
WARNING 2024-03-28 10:27:38,174 base 152 Not Found: /sms_codes/13699109260/
WARNING 2024-03-28 10:27:38,175 basehttp 124 "GET /sms_codes/13699109260/?image_code=W9mf&image_code_id=27ad1e78-da2c-4577-9e5c-35cbec8912a9 HTTP/1.1" 404 3104
INFO 2024-03-28 10:27:38,181 basehttp 124 "GET /mobiles/13699109260/count/ HTTP/1.1" 200 41
WARNING 2024-03-28 10:27:38,306 base 152 Not Found: /sms_codes/13699109260/
WARNING 2024-03-28 10:27:38,309 basehttp 124 "GET /sms_codes/13699109260/?image_code=W9mf&image_code_id=27ad1e78-da2c-4577-9e5c-35cbec8912a9 HTTP/1.1" 404 3104
INFO 2024-03-28 10:27:38,312 basehttp 124 "GET /mobiles/13699109260/count/ HTTP/1.1" 200 41
WARNING 2024-03-28 10:27:38,458 base 152 Not Found: /sms_codes/13699109260/
WARNING 2024-03-28 10:27:38,462 basehttp 124 "GET /sms_codes/13699109260/?image_code=W9mf&image_code_id=27ad1e78-da2c-4577-9e5c-35cbec8912a9 HTTP/1.1" 404 3104
INFO 2024-03-28 10:27:38,465 basehttp 124 "GET /mobiles/13699109260/count/ HTTP/1.1" 200 41
WARNING 2024-03-28 10:27:38,615 base 152 Not Found: /sms_codes/13699109260/
WARNING 2024-03-28 10:27:38,618 basehttp 124 "GET /sms_codes/13699109260/?image_code=W9mf&image_code_id=27ad1e78-da2c-4577-9e5c-35cbec8912a9 HTTP/1.1" 404 3104
INFO 2024-03-28 10:27:38,621 basehttp 124 "GET /mobiles/13699109260/count/ HTTP/1.1" 200 41
WARNING 2024-03-28 10:27:38,979 base 152 Not Found: /sms_codes/13699109260/
WARNING 2024-03-28 10:27:38,980 basehttp 124 "GET /sms_codes/13699109260/?image_code=W9mf&image_code_id=27ad1e78-da2c-4577-9e5c-35cbec8912a9 HTTP/1.1" 404 3104
INFO 2024-03-28 10:27:38,984 basehttp 124 "GET /mobiles/13699109260/count/ HTTP/1.1" 200 41
WARNING 2024-03-28 10:27:39,147 base 152 Not Found: /sms_codes/13699109260/
WARNING 2024-03-28 10:27:39,148 basehttp 124 "GET /sms_codes/13699109260/?image_code=W9mf&image_code_id=27ad1e78-da2c-4577-9e5c-35cbec8912a9 HTTP/1.1" 404 3104
INFO 2024-03-28 10:27:39,154 basehttp 124 "GET /mobiles/13699109260/count/ HTTP/1.1" 200 41
WARNING 2024-03-28 10:27:39,505 base 152 Not Found: /sms_codes/13699109260/
WARNING 2024-03-28 10:27:39,508 basehttp 124 "GET /sms_codes/13699109260/?image_code=W9mf&image_code_id=27ad1e78-da2c-4577-9e5c-35cbec8912a9 HTTP/1.1" 404 3104
INFO 2024-03-28 10:27:39,511 basehttp 124 "GET /mobiles/13699109260/count/ HTTP/1.1" 200 41
WARNING 2024-03-28 10:27:39,806 base 152 Not Found: /sms_codes/13699109260/
WARNING 2024-03-28 10:27:39,807 basehttp 124 "GET /sms_codes/13699109260/?image_code=W9mf&image_code_id=27ad1e78-da2c-4577-9e5c-35cbec8912a9 HTTP/1.1" 404 3104
INFO 2024-03-28 10:27:39,811 basehttp 124 "GET /mobiles/13699109260/count/ HTTP/1.1" 200 41
WARNING 2024-03-28 10:27:40,002 base 152 Not Found: /sms_codes/13699109260/
WARNING 2024-03-28 10:27:40,003 basehttp 124 "GET /sms_codes/13699109260/?image_code=W9mf&image_code_id=27ad1e78-da2c-4577-9e5c-35cbec8912a9 HTTP/1.1" 404 3104
INFO 2024-03-28 10:27:40,007 basehttp 124 "GET /mobiles/13699109260/count/ HTTP/1.1" 200 41
WARNING 2024-03-28 10:27:40,346 base 152 Not Found: /sms_codes/13699109260/
WARNING 2024-03-28 10:27:40,348 basehttp 124 "GET /sms_codes/13699109260/?image_code=W9mf&image_code_id=27ad1e78-da2c-4577-9e5c-35cbec8912a9 HTTP/1.1" 404 3104
INFO 2024-03-28 10:27:40,352 basehttp 124 "GET /mobiles/13699109260/count/ HTTP/1.1" 200 41
WARNING 2024-03-28 10:27:40,514 base 152 Not Found: /sms_codes/13699109260/
WARNING 2024-03-28 10:27:40,516 basehttp 124 "GET /sms_codes/13699109260/?image_code=W9mf&image_code_id=27ad1e78-da2c-4577-9e5c-35cbec8912a9 HTTP/1.1" 404 3104
INFO 2024-03-28 10:27:40,520 basehttp 124 "GET /mobiles/13699109260/count/ HTTP/1.1" 200 41
WARNING 2024-03-28 10:27:40,808 base 152 Not Found: /sms_codes/13699109260/
WARNING 2024-03-28 10:27:40,811 basehttp 124 "GET /sms_codes/13699109260/?image_code=W9mf&image_code_id=27ad1e78-da2c-4577-9e5c-35cbec8912a9 HTTP/1.1" 404 3104
INFO 2024-03-28 10:27:40,814 basehttp 124 "GET /mobiles/13699109260/count/ HTTP/1.1" 200 41
WARNING 2024-03-28 10:27:40,984 base 152 Not Found: /sms_codes/13699109260/
WARNING 2024-03-28 10:27:40,987 basehttp 124 "GET /sms_codes/13699109260/?image_code=W9mf&image_code_id=27ad1e78-da2c-4577-9e5c-35cbec8912a9 HTTP/1.1" 404 3104
INFO 2024-03-28 10:27:40,990 basehttp 124 "GET /mobiles/13699109260/count/ HTTP/1.1" 200 41
WARNING 2024-03-28 10:27:41,166 base 152 Not Found: /sms_codes/13699109260/
WARNING 2024-03-28 10:27:41,168 basehttp 124 "GET /sms_codes/13699109260/?image_code=W9mf&image_code_id=27ad1e78-da2c-4577-9e5c-35cbec8912a9 HTTP/1.1" 404 3104
INFO 2024-03-28 10:27:41,171 basehttp 124 "GET /mobiles/13699109260/count/ HTTP/1.1" 200 41
WARNING 2024-03-28 10:27:41,299 base 152 Not Found: /sms_codes/13699109260/
WARNING 2024-03-28 10:27:41,300 basehttp 124 "GET /sms_codes/13699109260/?image_code=W9mf&image_code_id=27ad1e78-da2c-4577-9e5c-35cbec8912a9 HTTP/1.1" 404 3104
INFO 2024-03-28 10:27:41,305 basehttp 124 "GET /mobiles/13699109260/count/ HTTP/1.1" 200 41
WARNING 2024-03-28 10:27:41,642 base 152 Not Found: /sms_codes/13699109260/
WARNING 2024-03-28 10:27:41,645 basehttp 124 "GET /sms_codes/13699109260/?image_code=W9mf&image_code_id=27ad1e78-da2c-4577-9e5c-35cbec8912a9 HTTP/1.1" 404 3104
INFO 2024-03-28 10:27:41,647 basehttp 124 "GET /mobiles/13699109260/count/ HTTP/1.1" 200 41
WARNING 2024-03-28 10:27:41,797 base 152 Not Found: /sms_codes/13699109260/
WARNING 2024-03-28 10:27:41,801 basehttp 124 "GET /sms_codes/13699109260/?image_code=W9mf&image_code_id=27ad1e78-da2c-4577-9e5c-35cbec8912a9 HTTP/1.1" 404 3104
INFO 2024-03-28 10:27:41,802 basehttp 124 "GET /mobiles/13699109260/count/ HTTP/1.1" 200 41
INFO 2024-03-28 10:30:45,568 basehttp 124 "GET /static/js/host.js HTTP/1.1" 200 80
WARNING 2024-03-28 10:34:31,635 base 152 Not Found: /sms_codes/13699109260/
WARNING 2024-03-28 10:34:31,637 basehttp 124 "GET /sms_codes/13699109260/?image_code=W9mf&image_code_id=27ad1e78-da2c-4577-9e5c-35cbec8912a9 HTTP/1.1" 404 3104
INFO 2024-03-28 10:34:31,643 basehttp 124 "GET /mobiles/13699109260/count/ HTTP/1.1" 200 41
WARNING 2024-03-28 10:34:32,942 base 152 Not Found: /sms_codes/13699109260/
WARNING 2024-03-28 10:34:32,944 basehttp 124 "GET /sms_codes/13699109260/?image_code=W9mf&image_code_id=27ad1e78-da2c-4577-9e5c-35cbec8912a9 HTTP/1.1" 404 3104
INFO 2024-03-28 10:34:32,947 basehttp 124 "GET /mobiles/13699109260/count/ HTTP/1.1" 200 41
WARNING 2024-03-28 10:34:33,667 base 152 Not Found: /sms_codes/13699109260/
WARNING 2024-03-28 10:34:33,669 basehttp 124 "GET /sms_codes/13699109260/?image_code=W9mf&image_code_id=27ad1e78-da2c-4577-9e5c-35cbec8912a9 HTTP/1.1" 404 3104
INFO 2024-03-28 10:34:33,673 basehttp 124 "GET /mobiles/13699109260/count/ HTTP/1.1" 200 41
WARNING 2024-03-28 10:34:34,036 base 152 Not Found: /sms_codes/13699109260/
WARNING 2024-03-28 10:34:34,038 basehttp 124 "GET /sms_codes/13699109260/?image_code=W9mf&image_code_id=27ad1e78-da2c-4577-9e5c-35cbec8912a9 HTTP/1.1" 404 3104
INFO 2024-03-28 10:34:34,044 basehttp 124 "GET /mobiles/13699109260/count/ HTTP/1.1" 200 41
WARNING 2024-03-28 10:34:34,371 base 152 Not Found: /sms_codes/13699109260/
WARNING 2024-03-28 10:34:34,372 basehttp 124 "GET /sms_codes/13699109260/?image_code=W9mf&image_code_id=27ad1e78-da2c-4577-9e5c-35cbec8912a9 HTTP/1.1" 404 3104
INFO 2024-03-28 10:34:34,376 basehttp 124 "GET /mobiles/13699109260/count/ HTTP/1.1" 200 41
WARNING 2024-03-28 10:34:34,653 base 152 Not Found: /sms_codes/13699109260/
WARNING 2024-03-28 10:34:34,655 basehttp 124 "GET /sms_codes/13699109260/?image_code=W9mf&image_code_id=27ad1e78-da2c-4577-9e5c-35cbec8912a9 HTTP/1.1" 404 3104
INFO 2024-03-28 10:34:34,660 basehttp 124 "GET /mobiles/13699109260/count/ HTTP/1.1" 200 41
WARNING 2024-03-28 10:34:34,952 base 152 Not Found: /sms_codes/13699109260/
WARNING 2024-03-28 10:34:34,957 basehttp 124 "GET /sms_codes/13699109260/?image_code=W9mf&image_code_id=27ad1e78-da2c-4577-9e5c-35cbec8912a9 HTTP/1.1" 404 3104
INFO 2024-03-28 10:34:34,961 basehttp 124 "GET /mobiles/13699109260/count/ HTTP/1.1" 200 41
WARNING 2024-03-28 10:34:35,226 base 152 Not Found: /sms_codes/13699109260/
WARNING 2024-03-28 10:34:35,227 basehttp 124 "GET /sms_codes/13699109260/?image_code=W9mf&image_code_id=27ad1e78-da2c-4577-9e5c-35cbec8912a9 HTTP/1.1" 404 3104
INFO 2024-03-28 10:34:35,234 basehttp 124 "GET /mobiles/13699109260/count/ HTTP/1.1" 200 41
WARNING 2024-03-28 10:34:35,478 base 152 Not Found: /sms_codes/13699109260/
WARNING 2024-03-28 10:34:35,480 basehttp 124 "GET /sms_codes/13699109260/?image_code=W9mf&image_code_id=27ad1e78-da2c-4577-9e5c-35cbec8912a9 HTTP/1.1" 404 3104
INFO 2024-03-28 10:34:35,485 basehttp 124 "GET /mobiles/13699109260/count/ HTTP/1.1" 200 41
WARNING 2024-03-28 10:34:35,733 base 152 Not Found: /sms_codes/13699109260/
WARNING 2024-03-28 10:34:35,735 basehttp 124 "GET /sms_codes/13699109260/?image_code=W9mf&image_code_id=27ad1e78-da2c-4577-9e5c-35cbec8912a9 HTTP/1.1" 404 3104
INFO 2024-03-28 10:34:35,738 basehttp 124 "GET /mobiles/13699109260/count/ HTTP/1.1" 200 41
WARNING 2024-03-28 10:34:36,221 base 152 Not Found: /sms_codes/13699109260/
WARNING 2024-03-28 10:34:36,221 basehttp 124 "GET /sms_codes/13699109260/?image_code=W9mf&image_code_id=27ad1e78-da2c-4577-9e5c-35cbec8912a9 HTTP/1.1" 404 3104
INFO 2024-03-28 10:34:36,227 basehttp 124 "GET /mobiles/13699109260/count/ HTTP/1.1" 200 41
WARNING 2024-03-28 10:34:36,810 base 152 Not Found: /sms_codes/13699109260/
WARNING 2024-03-28 10:34:36,813 basehttp 124 "GET /sms_codes/13699109260/?image_code=W9mf&image_code_id=27ad1e78-da2c-4577-9e5c-35cbec8912a9 HTTP/1.1" 404 3104
INFO 2024-03-28 10:34:36,818 basehttp 124 "GET /mobiles/13699109260/count/ HTTP/1.1" 200 41
WARNING 2024-03-28 10:34:37,084 base 152 Not Found: /sms_codes/13699109260/
WARNING 2024-03-28 10:34:37,086 basehttp 124 "GET /sms_codes/13699109260/?image_code=W9mf&image_code_id=27ad1e78-da2c-4577-9e5c-35cbec8912a9 HTTP/1.1" 404 3104
INFO 2024-03-28 10:34:37,090 basehttp 124 "GET /mobiles/13699109260/count/ HTTP/1.1" 200 41
WARNING 2024-03-28 10:34:42,529 base 152 Not Found: /sms_codes/13699109260/
WARNING 2024-03-28 10:34:42,530 basehttp 124 "GET /sms_codes/13699109260/?image_code=W9mf&image_code_id=27ad1e78-da2c-4577-9e5c-35cbec8912a9 HTTP/1.1" 404 3104
INFO 2024-03-28 10:34:42,536 basehttp 124 "GET /mobiles/13699109260/count/ HTTP/1.1" 200 41
WARNING 2024-03-28 10:34:43,704 base 152 Not Found: /sms_codes/13699109260/
WARNING 2024-03-28 10:34:43,707 basehttp 124 "GET /sms_codes/13699109260/?image_code=W9mf&image_code_id=27ad1e78-da2c-4577-9e5c-35cbec8912a9 HTTP/1.1" 404 3104
INFO 2024-03-28 10:34:43,709 basehttp 124 "GET /mobiles/13699109260/count/ HTTP/1.1" 200 41
WARNING 2024-03-28 10:34:44,274 base 152 Not Found: /sms_codes/13699109260/
WARNING 2024-03-28 10:34:44,276 basehttp 124 "GET /sms_codes/13699109260/?image_code=W9mf&image_code_id=27ad1e78-da2c-4577-9e5c-35cbec8912a9 HTTP/1.1" 404 3104
INFO 2024-03-28 10:34:44,278 basehttp 124 "GET /mobiles/13699109260/count/ HTTP/1.1" 200 41
WARNING 2024-03-28 10:34:45,249 base 152 Not Found: /sms_codes/13699109260/
WARNING 2024-03-28 10:34:45,250 basehttp 124 "GET /sms_codes/13699109260/?image_code=W9mf&image_code_id=27ad1e78-da2c-4577-9e5c-35cbec8912a9 HTTP/1.1" 404 3104
INFO 2024-03-28 10:34:45,255 basehttp 124 "GET /mobiles/13699109260/count/ HTTP/1.1" 200 41
WARNING 2024-03-28 10:34:47,582 base 152 Not Found: /sms_codes/13699109260/
WARNING 2024-03-28 10:34:47,583 basehttp 124 "GET /sms_codes/13699109260/?image_code=W9mf&image_code_id=27ad1e78-da2c-4577-9e5c-35cbec8912a9 HTTP/1.1" 404 3104
INFO 2024-03-28 10:34:47,585 basehttp 124 "GET /mobiles/13699109260/count/ HTTP/1.1" 200 41
WARNING 2024-03-28 10:34:48,696 base 152 Not Found: /sms_codes/13699109260/
WARNING 2024-03-28 10:34:48,698 basehttp 124 "GET /sms_codes/13699109260/?image_code=W9mf&image_code_id=27ad1e78-da2c-4577-9e5c-35cbec8912a9 HTTP/1.1" 404 3104
INFO 2024-03-28 10:34:48,701 basehttp 124 "GET /mobiles/13699109260/count/ HTTP/1.1" 200 41
WARNING 2024-03-28 10:37:00,450 base 152 Not Found: /sms_codes/13699109260/
WARNING 2024-03-28 10:37:00,452 basehttp 124 "GET /sms_codes/13699109260/?image_code=W9mf&image_code_id=27ad1e78-da2c-4577-9e5c-35cbec8912a9 HTTP/1.1" 404 3104
INFO 2024-03-28 10:37:00,459 basehttp 124 "GET /mobiles/13699109260/count/ HTTP/1.1" 200 41
WARNING 2024-03-28 10:37:36,214 base 152 Not Found: /sms_codes/13699109260/
WARNING 2024-03-28 10:37:36,214 basehttp 124 "GET /sms_codes/13699109260/?image_code=W9mf&image_code_id=27ad1e78-da2c-4577-9e5c-35cbec8912a9 HTTP/1.1" 404 3104
INFO 2024-03-28 10:37:36,218 basehttp 124 "GET /mobiles/13699109260/count/ HTTP/1.1" 200 41
WARNING 2024-03-28 10:37:36,912 base 152 Not Found: /sms_codes/13699109260/
WARNING 2024-03-28 10:37:36,914 basehttp 124 "GET /sms_codes/13699109260/?image_code=W9mf&image_code_id=27ad1e78-da2c-4577-9e5c-35cbec8912a9 HTTP/1.1" 404 3104
INFO 2024-03-28 10:37:36,916 basehttp 124 "GET /mobiles/13699109260/count/ HTTP/1.1" 200 41
WARNING 2024-03-28 10:37:37,089 base 152 Not Found: /sms_codes/13699109260/
WARNING 2024-03-28 10:37:37,090 basehttp 124 "GET /sms_codes/13699109260/?image_code=W9mf&image_code_id=27ad1e78-da2c-4577-9e5c-35cbec8912a9 HTTP/1.1" 404 3104
INFO 2024-03-28 10:37:37,094 basehttp 124 "GET /mobiles/13699109260/count/ HTTP/1.1" 200 41
WARNING 2024-03-28 10:37:37,316 base 152 Not Found: /sms_codes/13699109260/
WARNING 2024-03-28 10:37:37,316 basehttp 124 "GET /sms_codes/13699109260/?image_code=W9mf&image_code_id=27ad1e78-da2c-4577-9e5c-35cbec8912a9 HTTP/1.1" 404 3104
INFO 2024-03-28 10:37:37,319 basehttp 124 "GET /mobiles/13699109260/count/ HTTP/1.1" 200 41
WARNING 2024-03-28 10:37:38,193 base 152 Not Found: /sms_codes/13699109260/
WARNING 2024-03-28 10:37:38,194 basehttp 124 "GET /sms_codes/13699109260/?image_code=W9mf&image_code_id=27ad1e78-da2c-4577-9e5c-35cbec8912a9 HTTP/1.1" 404 3104
INFO 2024-03-28 10:37:38,196 basehttp 124 "GET /mobiles/13699109260/count/ HTTP/1.1" 200 41
WARNING 2024-03-28 10:37:39,180 base 152 Not Found: /sms_codes/13699109260/
WARNING 2024-03-28 10:37:39,180 basehttp 124 "GET /sms_codes/13699109260/?image_code=W9mf&image_code_id=27ad1e78-da2c-4577-9e5c-35cbec8912a9 HTTP/1.1" 404 3104
INFO 2024-03-28 10:37:39,182 basehttp 124 "GET /mobiles/13699109260/count/ HTTP/1.1" 200 41
INFO 2024-03-28 10:40:49,207 basehttp 124 "GET /sms_codes/13699109260/?image_code=W9mf&image_code_id=27ad1e78-da2c-4577-9e5c-35cbec8912a9 HTTP/1.1" 200 66
INFO 2024-03-28 10:40:49,211 basehttp 124 "GET /mobiles/13699109260/count/ HTTP/1.1" 200 41
INFO 2024-03-28 10:40:49,221 basehttp 124 "GET /image_codes/e5bddc5c-3318-4ea3-8719-b47392c39541/ HTTP/1.1" 200 3120
INFO 2024-03-28 10:41:15,347 basehttp 124 "GET /sms_codes/13699109260/?image_code=WCSE&image_code_id=e5bddc5c-3318-4ea3-8719-b47392c39541 HTTP/1.1" 200 66
INFO 2024-03-28 10:41:15,349 basehttp 124 "GET /mobiles/13699109260/count/ HTTP/1.1" 200 41
INFO 2024-03-28 10:41:15,359 basehttp 124 "GET /image_codes/a5b05231-0af5-46d8-a9bc-3244e77019f1/ HTTP/1.1" 200 3517
INFO 2024-03-28 10:42:05,020 basehttp 124 "GET /sms_codes/13699109260/?image_code=WCSE&image_code_id=a5b05231-0af5-46d8-a9bc-3244e77019f1 HTTP/1.1" 200 66
INFO 2024-03-28 10:42:05,024 basehttp 124 "GET /mobiles/13699109260/count/ HTTP/1.1" 200 41
INFO 2024-03-28 10:42:05,034 basehttp 124 "GET /image_codes/646340ef-ee94-49b6-9afc-d08e86967603/ HTTP/1.1" 200 3139
INFO 2024-03-28 10:42:39,958 basehttp 124 "GET /sms_codes/13699109260/?image_code=WCSE&image_code_id=646340ef-ee94-49b6-9afc-d08e86967603 HTTP/1.1" 200 66
INFO 2024-03-28 10:42:39,962 basehttp 124 "GET /mobiles/13699109260/count/ HTTP/1.1" 200 41
INFO 2024-03-28 10:42:39,969 basehttp 124 "GET /image_codes/950769bc-c877-4ad6-93d6-83cf7ea06dc8/ HTTP/1.1" 200 3101
WARNING 2024-03-28 10:44:52,644 base 152 Not Found: /
WARNING 2024-03-28 10:44:52,645 basehttp 124 "GET / HTTP/1.1" 404 2948
WARNING 2024-03-28 10:45:15,183 base 152 Not Found: /
WARNING 2024-03-28 10:45:15,184 basehttp 124 "GET / HTTP/1.1" 404 2948
INFO 2024-03-28 10:45:22,305 basehttp 124 "GET /register/ HTTP/1.1" 200 4486
INFO 2024-03-28 10:45:22,375 basehttp 124 "GET /image_codes/c8ec5f4c-6ea4-4cf5-8aba-d0b0ca845769/ HTTP/1.1" 200 3210
INFO 2024-03-28 10:45:22,380 basehttp 124 "GET /static/images/register_banner.png HTTP/1.1" 200 8192
INFO 2024-03-28 10:45:37,697 basehttp 124 "GET /usernames/testtest/count/ HTTP/1.1" 200 41
INFO 2024-03-28 10:45:48,805 basehttp 124 "GET /mobiles/13699109260/count/ HTTP/1.1" 200 41
INFO 2024-03-28 10:45:53,831 basehttp 124 "GET /sms_codes/13699109260/?image_code=IJZK&image_code_id=c8ec5f4c-6ea4-4cf5-8aba-d0b0ca845769 HTTP/1.1" 200 66
INFO 2024-03-28 10:45:53,831 basehttp 124 "GET /mobiles/13699109260/count/ HTTP/1.1" 200 41
INFO 2024-03-28 10:45:53,840 basehttp 124 "GET /image_codes/3abc3c90-2450-4874-b532-b183a2da1a8d/ HTTP/1.1" 200 3265
INFO 2024-03-28 10:48:39,676 basehttp 124 "GET /sms_codes/13699109260/?image_code=IJZK&image_code_id=3abc3c90-2450-4874-b532-b183a2da1a8d HTTP/1.1" 200 72
INFO 2024-03-28 10:48:39,677 basehttp 124 "GET /mobiles/13699109260/count/ HTTP/1.1" 200 41
INFO 2024-03-28 10:48:39,688 basehttp 124 "GET /image_codes/2e73c2be-3749-4dba-a4a5-75fbc25222be/ HTTP/1.1" 200 3217
INFO 2024-03-28 10:48:49,738 basehttp 124 "GET /mobiles/13699109260/count/ HTTP/1.1" 200 41
INFO 2024-03-28 10:48:50,080 basehttp 124 "GET /sms_codes/13699109260/?image_code=P7NG&image_code_id=2e73c2be-3749-4dba-a4a5-75fbc25222be HTTP/1.1" 200 29
INFO 2024-03-28 10:49:01,006 basehttp 124 "GET /usernames/testtest/count/ HTTP/1.1" 200 41
INFO 2024-03-28 10:49:01,007 basehttp 124 "GET /mobiles/13699109260/count/ HTTP/1.1" 200 41
INFO 2024-03-28 10:52:20,988 basehttp 124 "GET /register/ HTTP/1.1" 200 4486
INFO 2024-03-28 10:52:21,042 basehttp 124 "GET /image_codes/ce9a88bf-e74e-4b44-be39-512e60472d81/ HTTP/1.1" 200 3335
INFO 2024-03-28 10:52:32,428 basehttp 124 "GET /usernames/testtest/count/ HTTP/1.1" 200 41
INFO 2024-03-28 10:52:37,873 basehttp 124 "GET /mobiles/13699109260/count/ HTTP/1.1" 200 41
INFO 2024-03-28 10:52:47,385 basehttp 124 "GET /sms_codes/13699109260/?image_code=RDPI&image_code_id=ce9a88bf-e74e-4b44-be39-512e60472d81 HTTP/1.1" 200 66
INFO 2024-03-28 10:52:47,387 basehttp 124 "GET /mobiles/13699109260/count/ HTTP/1.1" 200 41
INFO 2024-03-28 10:52:47,395 basehttp 124 "GET /image_codes/9768118f-f44a-427e-9d2d-b6013200abe1/ HTTP/1.1" 200 3542
INFO 2024-03-28 10:53:39,665 basehttp 124 "GET /mobiles/13699109260/count/ HTTP/1.1" 200 41
INFO 2024-03-28 10:53:39,996 basehttp 124 "GET /sms_codes/13699109260/?image_code=C8PW&image_code_id=9768118f-f44a-427e-9d2d-b6013200abe1 HTTP/1.1" 200 29
INFO 2024-03-28 10:53:50,090 basehttp 124 "GET /register/ HTTP/1.1" 200 4486
INFO 2024-03-28 10:53:50,139 basehttp 124 "GET /image_codes/762b1ba4-d90b-42c7-b0fc-f030fd994ba9/ HTTP/1.1" 200 2979
INFO 2024-03-28 10:54:00,193 basehttp 124 "GET /usernames/teste/count/ HTTP/1.1" 200 41
INFO 2024-03-28 10:54:04,413 basehttp 124 "GET /mobiles/13699109260/count/ HTTP/1.1" 200 41
INFO 2024-03-28 10:54:10,072 basehttp 124 "GET /mobiles/13699109260/count/ HTTP/1.1" 200 41
INFO 2024-03-28 10:54:10,363 basehttp 124 "GET /sms_codes/13699109260/?image_code=OALU&image_code_id=762b1ba4-d90b-42c7-b0fc-f030fd994ba9 HTTP/1.1" 200 29
INFO 2024-03-28 10:54:21,035 basehttp 124 "GET /register/ HTTP/1.1" 200 4486
INFO 2024-03-28 10:54:21,083 basehttp 124 "GET /image_codes/783591da-a9de-4fc8-9012-e050d53b7f30/ HTTP/1.1" 200 3191
INFO 2024-03-28 10:54:28,780 basehttp 124 "GET /usernames/teste/count/ HTTP/1.1" 200 41
INFO 2024-03-28 10:54:34,434 basehttp 124 "GET /mobiles/13699109260/count/ HTTP/1.1" 200 41
INFO 2024-03-28 10:54:42,213 basehttp 124 "GET /mobiles/13699109260/count/ HTTP/1.1" 200 41
INFO 2024-03-28 10:54:42,520 basehttp 124 "GET /sms_codes/13699109260/?image_code=bw4s&image_code_id=783591da-a9de-4fc8-9012-e050d53b7f30 HTTP/1.1" 200 29
INFO 2024-03-28 10:56:41,546 basehttp 124 "GET /sms_codes/13699109260/?image_code=bw4s&image_code_id=783591da-a9de-4fc8-9012-e050d53b7f30 HTTP/1.1" 200 78
INFO 2024-03-28 10:56:41,548 basehttp 124 "GET /mobiles/13699109260/count/ HTTP/1.1" 200 41
INFO 2024-03-28 10:56:41,556 basehttp 124 "GET /image_codes/b144b66d-9cbc-491a-b10f-9dabbe5fc752/ HTTP/1.1" 200 3237
INFO 2024-03-28 11:07:20,922 basehttp 124 "GET /register/ HTTP/1.1" 200 4511
INFO 2024-03-28 11:07:20,973 basehttp 124 "GET /static/css/reset.css HTTP/1.1" 200 638
INFO 2024-03-28 11:07:21,005 basehttp 124 "GET /static/images/interval_line.png HTTP/1.1" 200 1123
INFO 2024-03-28 11:07:21,006 basehttp 124 "GET /static/images/icons02.png HTTP/1.1" 200 3935
INFO 2024-03-28 11:07:21,037 basehttp 124 "GET /image_codes/c608ef95-f868-4cb2-9232-374fef3409c3/ HTTP/1.1" 200 3239
INFO 2024-03-28 11:07:32,518 basehttp 124 "GET /usernames/teste/count/ HTTP/1.1" 200 41
INFO 2024-03-28 11:07:53,270 basehttp 124 "GET /mobiles/13699109260/count/ HTTP/1.1" 200 41
INFO 2024-03-28 11:08:00,300 basehttp 124 "GET /mobiles/13699109260/count/ HTTP/1.1" 200 41
INFO 2024-03-28 11:08:00,602 basehttp 124 "GET /sms_codes/13699109260/?image_code=ND5K&image_code_id=c608ef95-f868-4cb2-9232-374fef3409c3 HTTP/1.1" 200 29
INFO 2024-03-28 11:08:21,486 basehttp 124 "POST /register/ HTTP/1.1" 302 0
WARNING 2024-03-28 11:08:21,507 base 152 Not Found: /
WARNING 2024-03-28 11:08:21,508 basehttp 124 "GET / HTTP/1.1" 404 2948
INFO 2024-03-28 11:08:57,734 basehttp 124 "GET /register/ HTTP/1.1" 200 4511
INFO 2024-03-28 11:08:57,801 basehttp 124 "GET /image_codes/f437778a-a956-4df1-ad49-e48eeb30c7a0/ HTTP/1.1" 200 3563
INFO 2024-03-28 11:10:04,822 basehttp 124 "GET /usernames/testtest/count/ HTTP/1.1" 200 41
INFO 2024-03-28 11:10:21,632 basehttp 124 "GET /mobiles/13699109260/count/ HTTP/1.1" 200 41
INFO 2024-03-28 11:10:32,396 basehttp 124 "GET /mobiles/13699109260/count/ HTTP/1.1" 200 41
INFO 2024-03-28 11:10:46,833 basehttp 124 "GET /mobiles/13699109260/count/ HTTP/1.1" 200 41
INFO 2024-03-28 11:10:52,825 basehttp 124 "GET /mobiles/13699109260/count/ HTTP/1.1" 200 41
INFO 2024-03-28 11:10:53,161 basehttp 124 "GET /sms_codes/13699109260/?image_code=WYB5&image_code_id=f437778a-a956-4df1-ad49-e48eeb30c7a0 HTTP/1.1" 200 29
INFO 2024-03-28 11:11:04,308 basehttp 124 "POST /register/ HTTP/1.1" 200 4618
INFO 2024-03-28 11:11:04,381 basehttp 124 "GET /image_codes/8ad840c6-9393-4a3a-9e28-13893c729cd4/ HTTP/1.1" 200 3287
